Start testing: May 21 13:33 대한민국 표준시
----------------------------------------------------------
1/50 Testing: UnitConverter_meter_2_5
1/50 Test: UnitConverter_meter_2_5
Command: "C:/DEV/UnitConverter_08/build/unit_converter_tests.exe" "UnitConverter_meter_2_5"
Directory: C:/DEV/UnitConverter_08/build
"UnitConverter_meter_2_5" start time: May 21 13:33 대한민국 표준시
Output:
----------------------------------------------------------
Filters: "UnitConverter_meter_2_5"
Randomness seeded to: 2979098135
===============================================================================
All tests passed (3 assertions in 1 test case)

<end of output>
Test time =   1.57 sec
----------------------------------------------------------
Test Passed.
"UnitConverter_meter_2_5" end time: May 21 13:33 대한민국 표준시
"UnitConverter_meter_2_5" time elapsed: 00:00:01
----------------------------------------------------------

2/50 Testing: UnitConverter_feet_1_0
2/50 Test: UnitConverter_feet_1_0
Command: "C:/DEV/UnitConverter_08/build/unit_converter_tests.exe" "UnitConverter_feet_1_0"
Directory: C:/DEV/UnitConverter_08/build
"UnitConverter_feet_1_0" start time: May 21 13:33 대한민국 표준시
Output:
----------------------------------------------------------
Filters: "UnitConverter_feet_1_0"
Randomness seeded to: 1618035426
===============================================================================
All tests passed (3 assertions in 1 test case)

<end of output>
Test time =   1.25 sec
----------------------------------------------------------
Test Passed.
"UnitConverter_feet_1_0" end time: May 21 13:33 대한민국 표준시
"UnitConverter_feet_1_0" time elapsed: 00:00:01
----------------------------------------------------------

3/50 Testing: UnitConverter_yard_1_0
3/50 Test: UnitConverter_yard_1_0
Command: "C:/DEV/UnitConverter_08/build/unit_converter_tests.exe" "UnitConverter_yard_1_0"
Directory: C:/DEV/UnitConverter_08/build
"UnitConverter_yard_1_0" start time: May 21 13:33 대한민국 표준시
Output:
----------------------------------------------------------
Filters: "UnitConverter_yard_1_0"
Randomness seeded to: 1466341804
===============================================================================
All tests passed (3 assertions in 1 test case)

<end of output>
Test time =   1.18 sec
----------------------------------------------------------
Test Passed.
"UnitConverter_yard_1_0" end time: May 21 13:33 대한민국 표준시
"UnitConverter_yard_1_0" time elapsed: 00:00:01
----------------------------------------------------------

4/50 Testing: UnitConverter_meter_0_0
4/50 Test: UnitConverter_meter_0_0
Command: "C:/DEV/UnitConverter_08/build/unit_converter_tests.exe" "UnitConverter_meter_0_0"
Directory: C:/DEV/UnitConverter_08/build
"UnitConverter_meter_0_0" start time: May 21 13:33 대한민국 표준시
Output:
----------------------------------------------------------
Filters: "UnitConverter_meter_0_0"
Randomness seeded to: 3313704277
===============================================================================
All tests passed (3 assertions in 1 test case)

<end of output>
Test time =   1.19 sec
----------------------------------------------------------
Test Passed.
"UnitConverter_meter_0_0" end time: May 21 13:33 대한민국 표준시
"UnitConverter_meter_0_0" time elapsed: 00:00:01
----------------------------------------------------------

End testing: May 21 13:33 대한민국 표준시
