Start testing: May 21 13:14 대한민국 표준시
----------------------------------------------------------
1/46 Testing: Golden Master stdout regression
1/46 Test: Golden Master stdout regression
Command: "C:/DEV/UnitConverter_08/build/unit_converter_tests.exe" "Golden Master stdout regression"
Directory: C:/DEV/UnitConverter_08/build
"Golden Master stdout regression" start time: May 21 13:14 대한민국 표준시
Output:
----------------------------------------------------------
Filters: "Golden Master stdout regression"
Randomness seeded to: 287794857
===============================================================================
All tests passed (5 assertions in 1 test case)

<end of output>
Test time =   3.88 sec
----------------------------------------------------------
Test Passed.
"Golden Master stdout regression" end time: May 21 13:14 대한민국 표준시
"Golden Master stdout regression" time elapsed: 00:00:03
----------------------------------------------------------

2/46 Testing: test_config_json_valid_loads_ratios
2/46 Test: test_config_json_valid_loads_ratios
Command: "C:/DEV/UnitConverter_08/build/unit_converter_tests.exe" "test_config_json_valid_loads_ratios"
Directory: C:/DEV/UnitConverter_08/build
"test_config_json_valid_loads_ratios" start time: May 21 13:14 대한민국 표준시
Output:
----------------------------------------------------------
Filters: "test_config_json_valid_loads_ratios"
Randomness seeded to: 2469724472
===============================================================================
All tests passed (3 assertions in 1 test case)

<end of output>
Test time =   0.65 sec
----------------------------------------------------------
Test Passed.
"test_config_json_valid_loads_ratios" end time: May 21 13:14 대한민국 표준시
"test_config_json_valid_loads_ratios" time elapsed: 00:00:00
----------------------------------------------------------

3/46 Testing: test_config_json_valid_convert_meter_to_yard
3/46 Test: test_config_json_valid_convert_meter_to_yard
Command: "C:/DEV/UnitConverter_08/build/unit_converter_tests.exe" "test_config_json_valid_convert_meter_to_yard"
Directory: C:/DEV/UnitConverter_08/build
"test_config_json_valid_convert_meter_to_yard" start time: May 21 13:14 대한민국 표준시
Output:
----------------------------------------------------------
Filters: "test_config_json_valid_convert_meter_to_yard"
Randomness seeded to: 3857477723
===============================================================================
All tests passed (2 assertions in 1 test case)

<end of output>
Test time =   0.66 sec
----------------------------------------------------------
Test Passed.
"test_config_json_valid_convert_meter_to_yard" end time: May 21 13:14 대한민국 표준시
"test_config_json_valid_convert_meter_to_yard" time elapsed: 00:00:00
----------------------------------------------------------

4/46 Testing: test_config_json_missing_file_fails_data001
4/46 Test: test_config_json_missing_file_fails_data001
Command: "C:/DEV/UnitConverter_08/build/unit_converter_tests.exe" "test_config_json_missing_file_fails_data001"
Directory: C:/DEV/UnitConverter_08/build
"test_config_json_missing_file_fails_data001" start time: May 21 13:14 대한민국 표준시
Output:
----------------------------------------------------------
Filters: "test_config_json_missing_file_fails_data001"
Randomness seeded to: 3127833350
===============================================================================
All tests passed (4 assertions in 1 test case)

<end of output>
Test time =   0.65 sec
----------------------------------------------------------
Test Passed.
"test_config_json_missing_file_fails_data001" end time: May 21 13:14 대한민국 표준시
"test_config_json_missing_file_fails_data001" time elapsed: 00:00:00
----------------------------------------------------------

5/46 Testing: test_config_json_invalid_schema_fails_data002
5/46 Test: test_config_json_invalid_schema_fails_data002
Command: "C:/DEV/UnitConverter_08/build/unit_converter_tests.exe" "test_config_json_invalid_schema_fails_data002"
Directory: C:/DEV/UnitConverter_08/build
"test_config_json_invalid_schema_fails_data002" start time: May 21 13:14 대한민국 표준시
Output:
----------------------------------------------------------
Filters: "test_config_json_invalid_schema_fails_data002"
Randomness seeded to: 3330794062
===============================================================================
All tests passed (2 assertions in 1 test case)

<end of output>
Test time =   0.68 sec
----------------------------------------------------------
Test Passed.
"test_config_json_invalid_schema_fails_data002" end time: May 21 13:14 대한민국 표준시
"test_config_json_invalid_schema_fails_data002" time elapsed: 00:00:00
----------------------------------------------------------

6/46 Testing: test_config_json_feet_to_meter_reverse_after_load
6/46 Test: test_config_json_feet_to_meter_reverse_after_load
Command: "C:/DEV/UnitConverter_08/build/unit_converter_tests.exe" "test_config_json_feet_to_meter_reverse_after_load"
Directory: C:/DEV/UnitConverter_08/build
"test_config_json_feet_to_meter_reverse_after_load" start time: May 21 13:14 대한민국 표준시
Output:
----------------------------------------------------------
Filters: "test_config_json_feet_to_meter_reverse_after_load"
Randomness seeded to: 1313249726
===============================================================================
All tests passed (2 assertions in 1 test case)

<end of output>
Test time =   0.60 sec
----------------------------------------------------------
Test Passed.
"test_config_json_feet_to_meter_reverse_after_load" end time: May 21 13:14 대한민국 표준시
"test_config_json_feet_to_meter_reverse_after_load" time elapsed: 00:00:00
----------------------------------------------------------

7/46 Testing: test_config_yaml_valid_loads_ratios
7/46 Test: test_config_yaml_valid_loads_ratios
Command: "C:/DEV/UnitConverter_08/build/unit_converter_tests.exe" "test_config_yaml_valid_loads_ratios"
Directory: C:/DEV/UnitConverter_08/build
"test_config_yaml_valid_loads_ratios" start time: May 21 13:14 대한민국 표준시
Output:
----------------------------------------------------------
Filters: "test_config_yaml_valid_loads_ratios"
Randomness seeded to: 808346750
===============================================================================
All tests passed (2 assertions in 1 test case)

<end of output>
Test time =   0.58 sec
----------------------------------------------------------
Test Passed.
"test_config_yaml_valid_loads_ratios" end time: May 21 13:14 대한민국 표준시
"test_config_yaml_valid_loads_ratios" time elapsed: 00:00:00
----------------------------------------------------------

8/46 Testing: test_config_yaml_valid_meter_to_yard
8/46 Test: test_config_yaml_valid_meter_to_yard
Command: "C:/DEV/UnitConverter_08/build/unit_converter_tests.exe" "test_config_yaml_valid_meter_to_yard"
Directory: C:/DEV/UnitConverter_08/build
"test_config_yaml_valid_meter_to_yard" start time: May 21 13:14 대한민국 표준시
Output:
----------------------------------------------------------
Filters: "test_config_yaml_valid_meter_to_yard"
Randomness seeded to: 2986446780
===============================================================================
All tests passed (2 assertions in 1 test case)

<end of output>
Test time =   0.68 sec
----------------------------------------------------------
Test Passed.
"test_config_yaml_valid_meter_to_yard" end time: May 21 13:14 대한민국 표준시
"test_config_yaml_valid_meter_to_yard" time elapsed: 00:00:00
----------------------------------------------------------

9/46 Testing: test_config_yaml_missing_file_fails
9/46 Test: test_config_yaml_missing_file_fails
Command: "C:/DEV/UnitConverter_08/build/unit_converter_tests.exe" "test_config_yaml_missing_file_fails"
Directory: C:/DEV/UnitConverter_08/build
"test_config_yaml_missing_file_fails" start time: May 21 13:14 대한민국 표준시
Output:
----------------------------------------------------------
Filters: "test_config_yaml_missing_file_fails"
Randomness seeded to: 1167073547
===============================================================================
All tests passed (2 assertions in 1 test case)

<end of output>
Test time =   0.68 sec
----------------------------------------------------------
Test Passed.
"test_config_yaml_missing_file_fails" end time: May 21 13:14 대한민국 표준시
"test_config_yaml_missing_file_fails" time elapsed: 00:00:00
----------------------------------------------------------

10/46 Testing: test_config_yaml_invalid_ratio_fails_data002
10/46 Test: test_config_yaml_invalid_ratio_fails_data002
Command: "C:/DEV/UnitConverter_08/build/unit_converter_tests.exe" "test_config_yaml_invalid_ratio_fails_data002"
Directory: C:/DEV/UnitConverter_08/build
"test_config_yaml_invalid_ratio_fails_data002" start time: May 21 13:14 대한민국 표준시
Output:
----------------------------------------------------------
Filters: "test_config_yaml_invalid_ratio_fails_data002"
Randomness seeded to: 4258577861
===============================================================================
All tests passed (2 assertions in 1 test case)

<end of output>
Test time =   0.63 sec
----------------------------------------------------------
Test Passed.
"test_config_yaml_invalid_ratio_fails_data002" end time: May 21 13:14 대한민국 표준시
"test_config_yaml_invalid_ratio_fails_data002" time elapsed: 00:00:00
----------------------------------------------------------

11/46 Testing: test_config_yaml_load_defaults_on_failure
11/46 Test: test_config_yaml_load_defaults_on_failure
Command: "C:/DEV/UnitConverter_08/build/unit_converter_tests.exe" "test_config_yaml_load_defaults_on_failure"
Directory: C:/DEV/UnitConverter_08/build
"test_config_yaml_load_defaults_on_failure" start time: May 21 13:14 대한민국 표준시
Output:
----------------------------------------------------------
Filters: "test_config_yaml_load_defaults_on_failure"
Randomness seeded to: 85119171
===============================================================================
All tests passed (3 assertions in 1 test case)

<end of output>
Test time =   0.48 sec
----------------------------------------------------------
Test Passed.
"test_config_yaml_load_defaults_on_failure" end time: May 21 13:14 대한민국 표준시
"test_config_yaml_load_defaults_on_failure" time elapsed: 00:00:00
----------------------------------------------------------

12/46 Testing: test_parse_meter_colon_value_success
12/46 Test: test_parse_meter_colon_value_success
Command: "C:/DEV/UnitConverter_08/build/unit_converter_tests.exe" "test_parse_meter_colon_value_success"
Directory: C:/DEV/UnitConverter_08/build
"test_parse_meter_colon_value_success" start time: May 21 13:14 대한민국 표준시
Output:
----------------------------------------------------------
Filters: "test_parse_meter_colon_value_success"
Randomness seeded to: 3604100049
===============================================================================
All tests passed (2 assertions in 1 test case)

<end of output>
Test time =   0.46 sec
----------------------------------------------------------
Test Passed.
"test_parse_meter_colon_value_success" end time: May 21 13:14 대한민국 표준시
"test_parse_meter_colon_value_success" time elapsed: 00:00:00
----------------------------------------------------------

13/46 Testing: test_parse_feet_colon_value_success
13/46 Test: test_parse_feet_colon_value_success
Command: "C:/DEV/UnitConverter_08/build/unit_converter_tests.exe" "test_parse_feet_colon_value_success"
Directory: C:/DEV/UnitConverter_08/build
"test_parse_feet_colon_value_success" start time: May 21 13:14 대한민국 표준시
Output:
----------------------------------------------------------
Filters: "test_parse_feet_colon_value_success"
Randomness seeded to: 3337817121
===============================================================================
All tests passed (2 assertions in 1 test case)

<end of output>
Test time =   0.46 sec
----------------------------------------------------------
Test Passed.
"test_parse_feet_colon_value_success" end time: May 21 13:14 대한민국 표준시
"test_parse_feet_colon_value_success" time elapsed: 00:00:00
----------------------------------------------------------

14/46 Testing: test_parse_yard_colon_value_success
14/46 Test: test_parse_yard_colon_value_success
Command: "C:/DEV/UnitConverter_08/build/unit_converter_tests.exe" "test_parse_yard_colon_value_success"
Directory: C:/DEV/UnitConverter_08/build
"test_parse_yard_colon_value_success" start time: May 21 13:14 대한민국 표준시
Output:
----------------------------------------------------------
Filters: "test_parse_yard_colon_value_success"
Randomness seeded to: 973174147
===============================================================================
All tests passed (2 assertions in 1 test case)

<end of output>
Test time =   0.48 sec
----------------------------------------------------------
Test Passed.
"test_parse_yard_colon_value_success" end time: May 21 13:14 대한민국 표준시
"test_parse_yard_colon_value_success" time elapsed: 00:00:00
----------------------------------------------------------

15/46 Testing: test_parse_then_meter_to_feet_chain
15/46 Test: test_parse_then_meter_to_feet_chain
Command: "C:/DEV/UnitConverter_08/build/unit_converter_tests.exe" "test_parse_then_meter_to_feet_chain"
Directory: C:/DEV/UnitConverter_08/build
"test_parse_then_meter_to_feet_chain" start time: May 21 13:14 대한민국 표준시
Output:
----------------------------------------------------------
Filters: "test_parse_then_meter_to_feet_chain"
Randomness seeded to: 3718209965
===============================================================================
All tests passed (1 assertion in 1 test case)

<end of output>
Test time =   0.46 sec
----------------------------------------------------------
Test Passed.
"test_parse_then_meter_to_feet_chain" end time: May 21 13:14 대한민국 표준시
"test_parse_then_meter_to_feet_chain" time elapsed: 00:00:00
----------------------------------------------------------

16/46 Testing: test_parse_trim_whitespace_success
16/46 Test: test_parse_trim_whitespace_success
Command: "C:/DEV/UnitConverter_08/build/unit_converter_tests.exe" "test_parse_trim_whitespace_success"
Directory: C:/DEV/UnitConverter_08/build
"test_parse_trim_whitespace_success" start time: May 21 13:14 대한민국 표준시
Output:
----------------------------------------------------------
Filters: "test_parse_trim_whitespace_success"
Randomness seeded to: 3114505408
===============================================================================
All tests passed (2 assertions in 1 test case)

<end of output>
Test time =   0.47 sec
----------------------------------------------------------
Test Passed.
"test_parse_trim_whitespace_success" end time: May 21 13:14 대한민국 표준시
"test_parse_trim_whitespace_success" time elapsed: 00:00:00
----------------------------------------------------------

17/46 Testing: test_parse_meter_zero_throws_positive_required
17/46 Test: test_parse_meter_zero_throws_positive_required
Command: "C:/DEV/UnitConverter_08/build/unit_converter_tests.exe" "test_parse_meter_zero_throws_positive_required"
Directory: C:/DEV/UnitConverter_08/build
"test_parse_meter_zero_throws_positive_required" start time: May 21 13:14 대한민국 표준시
Output:
----------------------------------------------------------
Filters: "test_parse_meter_zero_throws_positive_required"
Randomness seeded to: 2806853911
===============================================================================
All tests passed (2 assertions in 1 test case)

<end of output>
Test time =   0.53 sec
----------------------------------------------------------
Test Passed.
"test_parse_meter_zero_throws_positive_required" end time: May 21 13:14 대한민국 표준시
"test_parse_meter_zero_throws_positive_required" time elapsed: 00:00:00
----------------------------------------------------------

18/46 Testing: test_parse_meter_large_value_success
18/46 Test: test_parse_meter_large_value_success
Command: "C:/DEV/UnitConverter_08/build/unit_converter_tests.exe" "test_parse_meter_large_value_success"
Directory: C:/DEV/UnitConverter_08/build
"test_parse_meter_large_value_success" start time: May 21 13:14 대한민국 표준시
Output:
----------------------------------------------------------
Filters: "test_parse_meter_large_value_success"
Randomness seeded to: 2370221077
===============================================================================
All tests passed (1 assertion in 1 test case)

<end of output>
Test time =   0.58 sec
----------------------------------------------------------
Test Passed.
"test_parse_meter_large_value_success" end time: May 21 13:14 대한민국 표준시
"test_parse_meter_large_value_success" time elapsed: 00:00:00
----------------------------------------------------------

19/46 Testing: test_parse_meter_six_decimal_precision
19/46 Test: test_parse_meter_six_decimal_precision
Command: "C:/DEV/UnitConverter_08/build/unit_converter_tests.exe" "test_parse_meter_six_decimal_precision"
Directory: C:/DEV/UnitConverter_08/build
"test_parse_meter_six_decimal_precision" start time: May 21 13:14 대한민국 표준시
Output:
----------------------------------------------------------
Filters: "test_parse_meter_six_decimal_precision"
Randomness seeded to: 3207443438
===============================================================================
All tests passed (1 assertion in 1 test case)

<end of output>
Test time =   0.54 sec
----------------------------------------------------------
Test Passed.
"test_parse_meter_six_decimal_precision" end time: May 21 13:14 대한민국 표준시
"test_parse_meter_six_decimal_precision" time elapsed: 00:00:00
----------------------------------------------------------

20/46 Testing: test_parse_min_positive_value
20/46 Test: test_parse_min_positive_value
Command: "C:/DEV/UnitConverter_08/build/unit_converter_tests.exe" "test_parse_min_positive_value"
Directory: C:/DEV/UnitConverter_08/build
"test_parse_min_positive_value" start time: May 21 13:14 대한민국 표준시
Output:
----------------------------------------------------------
Filters: "test_parse_min_positive_value"
Randomness seeded to: 725189464
===============================================================================
All tests passed (1 assertion in 1 test case)

<end of output>
Test time =   0.61 sec
----------------------------------------------------------
Test Passed.
"test_parse_min_positive_value" end time: May 21 13:14 대한민국 표준시
"test_parse_min_positive_value" time elapsed: 00:00:00
----------------------------------------------------------

21/46 Testing: test_parse_meter_infinity_throws
21/46 Test: test_parse_meter_infinity_throws
Command: "C:/DEV/UnitConverter_08/build/unit_converter_tests.exe" "test_parse_meter_infinity_throws"
Directory: C:/DEV/UnitConverter_08/build
"test_parse_meter_infinity_throws" start time: May 21 13:14 대한민국 표준시
Output:
----------------------------------------------------------
Filters: "test_parse_meter_infinity_throws"
Randomness seeded to: 1677275447
===============================================================================
All tests passed (1 assertion in 1 test case)

<end of output>
Test time =   0.57 sec
----------------------------------------------------------
Test Passed.
"test_parse_meter_infinity_throws" end time: May 21 13:14 대한민국 표준시
"test_parse_meter_infinity_throws" time elapsed: 00:00:00
----------------------------------------------------------

22/46 Testing: test_parse_invalid_format_no_colon_throws
22/46 Test: test_parse_invalid_format_no_colon_throws
Command: "C:/DEV/UnitConverter_08/build/unit_converter_tests.exe" "test_parse_invalid_format_no_colon_throws"
Directory: C:/DEV/UnitConverter_08/build
"test_parse_invalid_format_no_colon_throws" start time: May 21 13:14 대한민국 표준시
Output:
----------------------------------------------------------
Filters: "test_parse_invalid_format_no_colon_throws"
Randomness seeded to: 392062355
===============================================================================
All tests passed (1 assertion in 1 test case)

<end of output>
Test time =   0.54 sec
----------------------------------------------------------
Test Passed.
"test_parse_invalid_format_no_colon_throws" end time: May 21 13:14 대한민국 표준시
"test_parse_invalid_format_no_colon_throws" time elapsed: 00:00:00
----------------------------------------------------------

23/46 Testing: test_parse_meter_negative_throws
23/46 Test: test_parse_meter_negative_throws
Command: "C:/DEV/UnitConverter_08/build/unit_converter_tests.exe" "test_parse_meter_negative_throws"
Directory: C:/DEV/UnitConverter_08/build
"test_parse_meter_negative_throws" start time: May 21 13:14 대한민국 표준시
Output:
----------------------------------------------------------
Filters: "test_parse_meter_negative_throws"
Randomness seeded to: 2494562662
===============================================================================
All tests passed (1 assertion in 1 test case)

<end of output>
Test time =   0.46 sec
----------------------------------------------------------
Test Passed.
"test_parse_meter_negative_throws" end time: May 21 13:14 대한민국 표준시
"test_parse_meter_negative_throws" time elapsed: 00:00:00
----------------------------------------------------------

24/46 Testing: test_parse_invalid_number_abc_throws
24/46 Test: test_parse_invalid_number_abc_throws
Command: "C:/DEV/UnitConverter_08/build/unit_converter_tests.exe" "test_parse_invalid_number_abc_throws"
Directory: C:/DEV/UnitConverter_08/build
"test_parse_invalid_number_abc_throws" start time: May 21 13:14 대한민국 표준시
Output:
----------------------------------------------------------
Filters: "test_parse_invalid_number_abc_throws"
Randomness seeded to: 3187594084
===============================================================================
All tests passed (1 assertion in 1 test case)

<end of output>
Test time =   0.46 sec
----------------------------------------------------------
Test Passed.
"test_parse_invalid_number_abc_throws" end time: May 21 13:14 대한민국 표준시
"test_parse_invalid_number_abc_throws" time elapsed: 00:00:00
----------------------------------------------------------

25/46 Testing: test_convert_unknown_unit_parsec_throws
25/46 Test: test_convert_unknown_unit_parsec_throws
Command: "C:/DEV/UnitConverter_08/build/unit_converter_tests.exe" "test_convert_unknown_unit_parsec_throws"
Directory: C:/DEV/UnitConverter_08/build
"test_convert_unknown_unit_parsec_throws" start time: May 21 13:14 대한민국 표준시
Output:
----------------------------------------------------------
Filters: "test_convert_unknown_unit_parsec_throws"
Randomness seeded to: 1802318890
===============================================================================
All tests passed (2 assertions in 1 test case)

<end of output>
Test time =   0.46 sec
----------------------------------------------------------
Test Passed.
"test_convert_unknown_unit_parsec_throws" end time: May 21 13:14 대한민국 표준시
"test_convert_unknown_unit_parsec_throws" time elapsed: 00:00:00
----------------------------------------------------------

26/46 Testing: test_convert_unknown_unit_mile_throws
26/46 Test: test_convert_unknown_unit_mile_throws
Command: "C:/DEV/UnitConverter_08/build/unit_converter_tests.exe" "test_convert_unknown_unit_mile_throws"
Directory: C:/DEV/UnitConverter_08/build
"test_convert_unknown_unit_mile_throws" start time: May 21 13:14 대한민국 표준시
Output:
----------------------------------------------------------
Filters: "test_convert_unknown_unit_mile_throws"
Randomness seeded to: 75013877
===============================================================================
All tests passed (2 assertions in 1 test case)

<end of output>
Test time =   0.47 sec
----------------------------------------------------------
Test Passed.
"test_convert_unknown_unit_mile_throws" end time: May 21 13:14 대한민국 표준시
"test_convert_unknown_unit_mile_throws" time elapsed: 00:00:00
----------------------------------------------------------

27/46 Testing: test_meter_to_feet_normal_returns_8_2021
27/46 Test: test_meter_to_feet_normal_returns_8_2021
Command: "C:/DEV/UnitConverter_08/build/unit_converter_tests.exe" "test_meter_to_feet_normal_returns_8_2021"
Directory: C:/DEV/UnitConverter_08/build
"test_meter_to_feet_normal_returns_8_2021" start time: May 21 13:14 대한민국 표준시
Output:
----------------------------------------------------------
Filters: "test_meter_to_feet_normal_returns_8_2021"
Randomness seeded to: 4214298740
===============================================================================
All tests passed (1 assertion in 1 test case)

<end of output>
Test time =   0.46 sec
----------------------------------------------------------
Test Passed.
"test_meter_to_feet_normal_returns_8_2021" end time: May 21 13:14 대한민국 표준시
"test_meter_to_feet_normal_returns_8_2021" time elapsed: 00:00:00
----------------------------------------------------------

28/46 Testing: test_meter_to_yard_normal_returns_2_7340
28/46 Test: test_meter_to_yard_normal_returns_2_7340
Command: "C:/DEV/UnitConverter_08/build/unit_converter_tests.exe" "test_meter_to_yard_normal_returns_2_7340"
Directory: C:/DEV/UnitConverter_08/build
"test_meter_to_yard_normal_returns_2_7340" start time: May 21 13:14 대한민국 표준시
Output:
----------------------------------------------------------
Filters: "test_meter_to_yard_normal_returns_2_7340"
Randomness seeded to: 626637910
===============================================================================
All tests passed (1 assertion in 1 test case)

<end of output>
Test time =   0.47 sec
----------------------------------------------------------
Test Passed.
"test_meter_to_yard_normal_returns_2_7340" end time: May 21 13:14 대한민국 표준시
"test_meter_to_yard_normal_returns_2_7340" time elapsed: 00:00:00
----------------------------------------------------------

29/46 Testing: test_feet_to_meter_reverse_returns_0_3048
29/46 Test: test_feet_to_meter_reverse_returns_0_3048
Command: "C:/DEV/UnitConverter_08/build/unit_converter_tests.exe" "test_feet_to_meter_reverse_returns_0_3048"
Directory: C:/DEV/UnitConverter_08/build
"test_feet_to_meter_reverse_returns_0_3048" start time: May 21 13:14 대한민국 표준시
Output:
----------------------------------------------------------
Filters: "test_feet_to_meter_reverse_returns_0_3048"
Randomness seeded to: 214947297
===============================================================================
All tests passed (1 assertion in 1 test case)

<end of output>
Test time =   0.47 sec
----------------------------------------------------------
Test Passed.
"test_feet_to_meter_reverse_returns_0_3048" end time: May 21 13:14 대한민국 표준시
"test_feet_to_meter_reverse_returns_0_3048" time elapsed: 00:00:00
----------------------------------------------------------

30/46 Testing: test_meter_to_feet_one_meter_returns_3_28084
30/46 Test: test_meter_to_feet_one_meter_returns_3_28084
Command: "C:/DEV/UnitConverter_08/build/unit_converter_tests.exe" "test_meter_to_feet_one_meter_returns_3_28084"
Directory: C:/DEV/UnitConverter_08/build
"test_meter_to_feet_one_meter_returns_3_28084" start time: May 21 13:14 대한민국 표준시
Output:
----------------------------------------------------------
Filters: "test_meter_to_feet_one_meter_returns_3_28084"
Randomness seeded to: 4287225286
===============================================================================
All tests passed (1 assertion in 1 test case)

<end of output>
Test time =   0.46 sec
----------------------------------------------------------
Test Passed.
"test_meter_to_feet_one_meter_returns_3_28084" end time: May 21 13:14 대한민국 표준시
"test_meter_to_feet_one_meter_returns_3_28084" time elapsed: 00:00:00
----------------------------------------------------------

31/46 Testing: test_feet_to_yard_via_meter_hub_returns_1_09361
31/46 Test: test_feet_to_yard_via_meter_hub_returns_1_09361
Command: "C:/DEV/UnitConverter_08/build/unit_converter_tests.exe" "test_feet_to_yard_via_meter_hub_returns_1_09361"
Directory: C:/DEV/UnitConverter_08/build
"test_feet_to_yard_via_meter_hub_returns_1_09361" start time: May 21 13:14 대한민국 표준시
Output:
----------------------------------------------------------
Filters: "test_feet_to_yard_via_meter_hub_returns_1_09361"
Randomness seeded to: 3914057812
===============================================================================
All tests passed (1 assertion in 1 test case)

<end of output>
Test time =   0.47 sec
----------------------------------------------------------
Test Passed.
"test_feet_to_yard_via_meter_hub_returns_1_09361" end time: May 21 13:14 대한민국 표준시
"test_feet_to_yard_via_meter_hub_returns_1_09361" time elapsed: 00:00:00
----------------------------------------------------------

32/46 Testing: test_meter_to_feet_zero_value_throws
32/46 Test: test_meter_to_feet_zero_value_throws
Command: "C:/DEV/UnitConverter_08/build/unit_converter_tests.exe" "test_meter_to_feet_zero_value_throws"
Directory: C:/DEV/UnitConverter_08/build
"test_meter_to_feet_zero_value_throws" start time: May 21 13:14 대한민국 표준시
Output:
----------------------------------------------------------
Filters: "test_meter_to_feet_zero_value_throws"
Randomness seeded to: 4000708285
===============================================================================
All tests passed (1 assertion in 1 test case)

<end of output>
Test time =   0.46 sec
----------------------------------------------------------
Test Passed.
"test_meter_to_feet_zero_value_throws" end time: May 21 13:14 대한민국 표준시
"test_meter_to_feet_zero_value_throws" time elapsed: 00:00:00
----------------------------------------------------------

33/46 Testing: test_meter_to_feet_large_value_finite
33/46 Test: test_meter_to_feet_large_value_finite
Command: "C:/DEV/UnitConverter_08/build/unit_converter_tests.exe" "test_meter_to_feet_large_value_finite"
Directory: C:/DEV/UnitConverter_08/build
"test_meter_to_feet_large_value_finite" start time: May 21 13:14 대한민국 표준시
Output:
----------------------------------------------------------
Filters: "test_meter_to_feet_large_value_finite"
Randomness seeded to: 1401915074
===============================================================================
All tests passed (2 assertions in 1 test case)

<end of output>
Test time =   0.50 sec
----------------------------------------------------------
Test Passed.
"test_meter_to_feet_large_value_finite" end time: May 21 13:14 대한민국 표준시
"test_meter_to_feet_large_value_finite" time elapsed: 00:00:00
----------------------------------------------------------

34/46 Testing: test_meter_to_feet_six_decimal_precision
34/46 Test: test_meter_to_feet_six_decimal_precision
Command: "C:/DEV/UnitConverter_08/build/unit_converter_tests.exe" "test_meter_to_feet_six_decimal_precision"
Directory: C:/DEV/UnitConverter_08/build
"test_meter_to_feet_six_decimal_precision" start time: May 21 13:14 대한민국 표준시
Output:
----------------------------------------------------------
Filters: "test_meter_to_feet_six_decimal_precision"
Randomness seeded to: 2486407328
===============================================================================
All tests passed (1 assertion in 1 test case)

<end of output>
Test time =   0.58 sec
----------------------------------------------------------
Test Passed.
"test_meter_to_feet_six_decimal_precision" end time: May 21 13:14 대한민국 표준시
"test_meter_to_feet_six_decimal_precision" time elapsed: 00:00:00
----------------------------------------------------------

35/46 Testing: test_meter_to_feet_min_positive_value
35/46 Test: test_meter_to_feet_min_positive_value
Command: "C:/DEV/UnitConverter_08/build/unit_converter_tests.exe" "test_meter_to_feet_min_positive_value"
Directory: C:/DEV/UnitConverter_08/build
"test_meter_to_feet_min_positive_value" start time: May 21 13:14 대한민국 표준시
Output:
----------------------------------------------------------
Filters: "test_meter_to_feet_min_positive_value"
Randomness seeded to: 1593690589
===============================================================================
All tests passed (2 assertions in 1 test case)

<end of output>
Test time =   0.56 sec
----------------------------------------------------------
Test Passed.
"test_meter_to_feet_min_positive_value" end time: May 21 13:14 대한민국 표준시
"test_meter_to_feet_min_positive_value" time elapsed: 00:00:00
----------------------------------------------------------

36/46 Testing: test_meter_to_feet_nan_value_throws
36/46 Test: test_meter_to_feet_nan_value_throws
Command: "C:/DEV/UnitConverter_08/build/unit_converter_tests.exe" "test_meter_to_feet_nan_value_throws"
Directory: C:/DEV/UnitConverter_08/build
"test_meter_to_feet_nan_value_throws" start time: May 21 13:14 대한민국 표준시
Output:
----------------------------------------------------------
Filters: "test_meter_to_feet_nan_value_throws"
Randomness seeded to: 53858384
===============================================================================
All tests passed (1 assertion in 1 test case)

<end of output>
Test time =   0.59 sec
----------------------------------------------------------
Test Passed.
"test_meter_to_feet_nan_value_throws" end time: May 21 13:14 대한민국 표준시
"test_meter_to_feet_nan_value_throws" time elapsed: 00:00:00
----------------------------------------------------------

37/46 Testing: test_convert_negative_value_throws
37/46 Test: test_convert_negative_value_throws
Command: "C:/DEV/UnitConverter_08/build/unit_converter_tests.exe" "test_convert_negative_value_throws"
Directory: C:/DEV/UnitConverter_08/build
"test_convert_negative_value_throws" start time: May 21 13:14 대한민국 표준시
Output:
----------------------------------------------------------
Filters: "test_convert_negative_value_throws"
Randomness seeded to: 3633801275
===============================================================================
All tests passed (1 assertion in 1 test case)

<end of output>
Test time =   0.61 sec
----------------------------------------------------------
Test Passed.
"test_convert_negative_value_throws" end time: May 21 13:14 대한민국 표준시
"test_convert_negative_value_throws" time elapsed: 00:00:00
----------------------------------------------------------

38/46 Testing: test_convert_unknown_source_unit_throws
38/46 Test: test_convert_unknown_source_unit_throws
Command: "C:/DEV/UnitConverter_08/build/unit_converter_tests.exe" "test_convert_unknown_source_unit_throws"
Directory: C:/DEV/UnitConverter_08/build
"test_convert_unknown_source_unit_throws" start time: May 21 13:14 대한민국 표준시
Output:
----------------------------------------------------------
Filters: "test_convert_unknown_source_unit_throws"
Randomness seeded to: 2340765415
===============================================================================
All tests passed (1 assertion in 1 test case)

<end of output>
Test time =   0.52 sec
----------------------------------------------------------
Test Passed.
"test_convert_unknown_source_unit_throws" end time: May 21 13:14 대한민국 표준시
"test_convert_unknown_source_unit_throws" time elapsed: 00:00:00
----------------------------------------------------------

39/46 Testing: test_convert_unknown_target_unit_throws
39/46 Test: test_convert_unknown_target_unit_throws
Command: "C:/DEV/UnitConverter_08/build/unit_converter_tests.exe" "test_convert_unknown_target_unit_throws"
Directory: C:/DEV/UnitConverter_08/build
"test_convert_unknown_target_unit_throws" start time: May 21 13:14 대한민국 표준시
Output:
----------------------------------------------------------
Filters: "test_convert_unknown_target_unit_throws"
Randomness seeded to: 2979888200
===============================================================================
All tests passed (1 assertion in 1 test case)

<end of output>
Test time =   0.47 sec
----------------------------------------------------------
Test Passed.
"test_convert_unknown_target_unit_throws" end time: May 21 13:14 대한민국 표준시
"test_convert_unknown_target_unit_throws" time elapsed: 00:00:00
----------------------------------------------------------

40/46 Testing: test_register_unit_duplicate_throws
40/46 Test: test_register_unit_duplicate_throws
Command: "C:/DEV/UnitConverter_08/build/unit_converter_tests.exe" "test_register_unit_duplicate_throws"
Directory: C:/DEV/UnitConverter_08/build
"test_register_unit_duplicate_throws" start time: May 21 13:14 대한민국 표준시
Output:
----------------------------------------------------------
Filters: "test_register_unit_duplicate_throws"
Randomness seeded to: 3086837371
===============================================================================
All tests passed (1 assertion in 1 test case)

<end of output>
Test time =   0.47 sec
----------------------------------------------------------
Test Passed.
"test_register_unit_duplicate_throws" end time: May 21 13:14 대한민국 표준시
"test_register_unit_duplicate_throws" time elapsed: 00:00:00
----------------------------------------------------------

41/46 Testing: test_register_unit_invalid_ratio_throws
41/46 Test: test_register_unit_invalid_ratio_throws
Command: "C:/DEV/UnitConverter_08/build/unit_converter_tests.exe" "test_register_unit_invalid_ratio_throws"
Directory: C:/DEV/UnitConverter_08/build
"test_register_unit_invalid_ratio_throws" start time: May 21 13:14 대한민국 표준시
Output:
----------------------------------------------------------
Filters: "test_register_unit_invalid_ratio_throws"
Randomness seeded to: 1003394870
===============================================================================
All tests passed (1 assertion in 1 test case)

<end of output>
Test time =   0.47 sec
----------------------------------------------------------
Test Passed.
"test_register_unit_invalid_ratio_throws" end time: May 21 13:14 대한민국 표준시
"test_register_unit_invalid_ratio_throws" time elapsed: 00:00:00
----------------------------------------------------------

42/46 Testing: test_register_cubit_then_convert_to_meter
42/46 Test: test_register_cubit_then_convert_to_meter
Command: "C:/DEV/UnitConverter_08/build/unit_converter_tests.exe" "test_register_cubit_then_convert_to_meter"
Directory: C:/DEV/UnitConverter_08/build
"test_register_cubit_then_convert_to_meter" start time: May 21 13:14 대한민국 표준시
Output:
----------------------------------------------------------
Filters: "test_register_cubit_then_convert_to_meter"
Randomness seeded to: 2629375129
===============================================================================
All tests passed (1 assertion in 1 test case)

<end of output>
Test time =   0.46 sec
----------------------------------------------------------
Test Passed.
"test_register_cubit_then_convert_to_meter" end time: May 21 13:14 대한민국 표준시
"test_register_cubit_then_convert_to_meter" time elapsed: 00:00:00
----------------------------------------------------------

43/46 Testing: test_register_cubit_convert_all_count_four
43/46 Test: test_register_cubit_convert_all_count_four
Command: "C:/DEV/UnitConverter_08/build/unit_converter_tests.exe" "test_register_cubit_convert_all_count_four"
Directory: C:/DEV/UnitConverter_08/build
"test_register_cubit_convert_all_count_four" start time: May 21 13:14 대한민국 표준시
Output:
----------------------------------------------------------
Filters: "test_register_cubit_convert_all_count_four"
Randomness seeded to: 2236599348
===============================================================================
All tests passed (1 assertion in 1 test case)

<end of output>
Test time =   0.47 sec
----------------------------------------------------------
Test Passed.
"test_register_cubit_convert_all_count_four" end time: May 21 13:14 대한민국 표준시
"test_register_cubit_convert_all_count_four" time elapsed: 00:00:00
----------------------------------------------------------

44/46 Testing: test_register_cubit_to_feet_via_meter
44/46 Test: test_register_cubit_to_feet_via_meter
Command: "C:/DEV/UnitConverter_08/build/unit_converter_tests.exe" "test_register_cubit_to_feet_via_meter"
Directory: C:/DEV/UnitConverter_08/build
"test_register_cubit_to_feet_via_meter" start time: May 21 13:14 대한민국 표준시
Output:
----------------------------------------------------------
Filters: "test_register_cubit_to_feet_via_meter"
Randomness seeded to: 3908699933
===============================================================================
All tests passed (1 assertion in 1 test case)

<end of output>
Test time =   0.45 sec
----------------------------------------------------------
Test Passed.
"test_register_cubit_to_feet_via_meter" end time: May 21 13:14 대한민국 표준시
"test_register_cubit_to_feet_via_meter" time elapsed: 00:00:00
----------------------------------------------------------

45/46 Testing: test_register_inch_small_ratio
45/46 Test: test_register_inch_small_ratio
Command: "C:/DEV/UnitConverter_08/build/unit_converter_tests.exe" "test_register_inch_small_ratio"
Directory: C:/DEV/UnitConverter_08/build
"test_register_inch_small_ratio" start time: May 21 13:14 대한민국 표준시
Output:
----------------------------------------------------------
Filters: "test_register_inch_small_ratio"
Randomness seeded to: 1724934561
===============================================================================
All tests passed (1 assertion in 1 test case)

<end of output>
Test time =   0.46 sec
----------------------------------------------------------
Test Passed.
"test_register_inch_small_ratio" end time: May 21 13:14 대한민국 표준시
"test_register_inch_small_ratio" time elapsed: 00:00:00
----------------------------------------------------------

46/46 Testing: test_register_has_unit_after_registration
46/46 Test: test_register_has_unit_after_registration
Command: "C:/DEV/UnitConverter_08/build/unit_converter_tests.exe" "test_register_has_unit_after_registration"
Directory: C:/DEV/UnitConverter_08/build
"test_register_has_unit_after_registration" start time: May 21 13:14 대한민국 표준시
Output:
----------------------------------------------------------
Filters: "test_register_has_unit_after_registration"
Randomness seeded to: 3924337580
===============================================================================
All tests passed (2 assertions in 1 test case)

<end of output>
Test time =   0.47 sec
----------------------------------------------------------
Test Passed.
"test_register_has_unit_after_registration" end time: May 21 13:14 대한민국 표준시
"test_register_has_unit_after_registration" time elapsed: 00:00:00
----------------------------------------------------------

End testing: May 21 13:14 대한민국 표준시
