        -:    0:Source:C:/DEV/UnitConverter_08/src/domain/UnitRegistry.cpp
        -:    0:Graph:build-cov/CMakeFiles/unit_converter_core.dir/src/domain/UnitRegistry.cpp.gcno
        -:    0:Data:build-cov/CMakeFiles/unit_converter_core.dir/src/domain/UnitRegistry.cpp.gcda
        -:    0:Runs:61
        -:    1:#include "domain/UnitRegistry.hpp"
        -:    2:
        -:    3:#include <cmath>
        -:    4:#include <stdexcept>
        -:    5:
        -:    6:namespace domain {
        -:    7:
        -:    8:namespace {
        -:    9:constexpr double kMeterFactor = 1.0;
        -:   10:constexpr double kFeetPerMeter = 3.28084;
        -:   11:constexpr double kYardPerMeter = 1.09361;
        -:   12:}  // namespace
        -:   13:
function _ZN6domain12UnitRegistry15defaultRegistryEv called 34 returned 100% blocks executed 83%
       34:   14:UnitRegistry UnitRegistry::defaultRegistry() {
       34:   15:    UnitRegistry registry;
call    0 returned 100%
       34:   16:    registry.loadDefaults();
call    0 returned 100%
branch  1 taken 100% (fallthrough)
branch  2 taken 0% (throw)
       34:   17:    return registry;
    =====:   18:}
call    0 never executed
        -:   19:
function _ZNK6domain12UnitRegistry7hasUnitERKNSt7__cxx1112basic_stringIcSt11char_traitsIcESaIcEEE called 24 returned 100% blocks executed 86%
       24:   20:bool UnitRegistry::hasUnit(const std::string& unit) const {
       24:   21:    return factors_.find(unit) != factors_.end();
call    0 returned 100%
call    1 returned 100%
branch  2 taken 100% (fallthrough)
branch  3 taken 0% (throw)
call    4 returned 100%
        -:   22:}
        -:   23:
function _ZNK6domain12UnitRegistry9factorForERKNSt7__cxx1112basic_stringIcSt11char_traitsIcESaIcEEE called 71 returned 94% blocks executed 74%
       71:   24:double UnitRegistry::factorFor(const std::string& unit) const {
       71:   25:    const auto it = factors_.find(unit);
call    0 returned 100%
branch  1 taken 100% (fallthrough)
branch  2 taken 0% (throw)
       71:   26:    if (it == factors_.end()) {
call    0 returned 100%
call    1 returned 100%
branch  2 taken 6% (fallthrough)
branch  3 taken 94%
        4:   27:        throw std::invalid_argument("ERR-INPUT-002 Unknown unit: " + unit);
call    0 returned 100%
call    1 returned 100%
branch  2 taken 100% (fallthrough)
branch  3 taken 0% (throw)
call    4 returned 100%
branch  5 taken 100% (fallthrough)
branch  6 taken 0% (throw)
call    7 returned 100%
call    8 returned 100%
call    9 never executed
call   10 never executed
        -:   28:    }
      134:   29:    return it->second;
call    0 returned 100%
        -:   30:}
        -:   31:
function _ZNK6domain12UnitRegistry9unitCountEv called 2 returned 100% blocks executed 100%
        2:   32:std::size_t UnitRegistry::unitCount() const {
        2:   33:    return factors_.size();
call    0 returned 100%
        -:   34:}
        -:   35:
function _ZNK6domain12UnitRegistry8allUnitsB5cxx11Ev called 7 returned 100% blocks executed 100%
        7:   36:std::map<std::string, double> UnitRegistry::allUnits() const {
        7:   37:    return factors_;
call    0 returned 100%
        -:   38:}
        -:   39:
function _ZN6domain12UnitRegistry12registerUnitERKNSt7__cxx1112basic_stringIcSt11char_traitsIcESaIcEEEd called 8 returned 75% blocks executed 55%
        8:   40:void UnitRegistry::registerUnit(const std::string& unit, double metersPerUnit) {
        8:   41:    if (unit.empty()) {
call    0 returned 100%
branch  1 taken 0% (fallthrough)
branch  2 taken 100%
    #####:   42:        throw std::invalid_argument("Invalid unit name: " + unit);
call    0 never executed
call    1 never executed
branch  2 never executed (fallthrough)
branch  3 never executed (throw)
call    4 never executed
branch  5 never executed (fallthrough)
branch  6 never executed (throw)
call    7 never executed
call    8 never executed
call    9 never executed
call   10 never executed
        -:   43:    }
        8:   44:    if (metersPerUnit <= 0.0 || !std::isfinite(metersPerUnit)) {
branch  0 taken 88% (fallthrough)
branch  1 taken 12%
call    2 returned 100%
branch  3 taken 0% (fallthrough)
branch  4 taken 100%
branch  5 taken 12% (fallthrough)
branch  6 taken 88%
        1:   45:        throw std::invalid_argument("Invalid ratio for unit: " + unit);
call    0 returned 100%
call    1 returned 100%
branch  2 taken 100% (fallthrough)
branch  3 taken 0% (throw)
call    4 returned 100%
branch  5 taken 100% (fallthrough)
branch  6 taken 0% (throw)
call    7 returned 100%
call    8 returned 0%
call    9 never executed
call   10 never executed
        -:   46:    }
        7:   47:    if (hasUnit(unit)) {
call    0 returned 100%
branch  1 taken 14% (fallthrough)
branch  2 taken 86%
        1:   48:        throw std::invalid_argument("Unit already registered: " + unit);
call    0 returned 100%
call    1 returned 100%
branch  2 taken 100% (fallthrough)
branch  3 taken 0% (throw)
call    4 returned 100%
branch  5 taken 100% (fallthrough)
branch  6 taken 0% (throw)
call    7 returned 100%
call    8 returned 0%
call    9 never executed
call   10 never executed
        -:   49:    }
        6:   50:    setFactor(unit, 1.0 / metersPerUnit);
call    0 returned 100%
        6:   51:}
        -:   52:
function _ZN6domain12UnitRegistry9setFactorERKNSt7__cxx1112basic_stringIcSt11char_traitsIcESaIcEEEd called 23 returned 100% blocks executed 44%
       23:   53:void UnitRegistry::setFactor(const std::string& unit, double hubFactor) {
      23*:   54:    if (hubFactor <= 0.0 || !std::isfinite(hubFactor)) {
branch  0 taken 100% (fallthrough)
branch  1 taken 0%
call    2 returned 100%
branch  3 taken 0% (fallthrough)
branch  4 taken 100%
branch  5 taken 0% (fallthrough)
branch  6 taken 100%
    #####:   55:        throw std::invalid_argument("Invalid ratio for unit: " + unit);
call    0 never executed
call    1 never executed
branch  2 never executed (fallthrough)
branch  3 never executed (throw)
call    4 never executed
branch  5 never executed (fallthrough)
branch  6 never executed (throw)
call    7 never executed
call    8 never executed
call    9 never executed
call   10 never executed
        -:   56:    }
       23:   57:    factors_[unit] = hubFactor;
call    0 returned 100%
       23:   58:}
        -:   59:
function _ZN6domain12UnitRegistry5clearEv called 7 returned 100% blocks executed 100%
        7:   60:void UnitRegistry::clear() {
        7:   61:    factors_.clear();
call    0 returned 100%
        7:   62:}
        -:   63:
function _ZN6domain12UnitRegistry12loadDefaultsEv called 34 returned 100% blocks executed 55%
       34:   64:void UnitRegistry::loadDefaults() {
       34:   65:    factors_.clear();
call    0 returned 100%
       68:   66:    factors_["meter"] = kMeterFactor;
call    0 returned 100%
branch  1 taken 100% (fallthrough)
branch  2 taken 0% (throw)
call    3 returned 100%
branch  4 taken 100% (fallthrough)
branch  5 taken 0% (throw)
call    6 returned 100%
call    7 never executed
call    8 never executed
       68:   67:    factors_["feet"] = kFeetPerMeter;
call    0 returned 100%
branch  1 taken 100% (fallthrough)
branch  2 taken 0% (throw)
call    3 returned 100%
branch  4 taken 100% (fallthrough)
branch  5 taken 0% (throw)
call    6 returned 100%
call    7 never executed
call    8 never executed
       68:   68:    factors_["yard"] = kYardPerMeter;
call    0 returned 100%
branch  1 taken 100% (fallthrough)
branch  2 taken 0% (throw)
call    3 returned 100%
branch  4 taken 100% (fallthrough)
branch  5 taken 0% (throw)
call    6 returned 100%
call    7 never executed
       34:   69:}
        -:   70:
        -:   71:}  // namespace domain
