Start testing: May 21 14:34 대한민국 표준시
----------------------------------------------------------
1/52 Testing: UnitConverter_meter_2_5
1/52 Test: UnitConverter_meter_2_5
Command: "C:/DEV/UnitConverter_08/build-cov/unit_converter_tests.exe" "UnitConverter_meter_2_5"
Directory: C:/DEV/UnitConverter_08/build-cov
"UnitConverter_meter_2_5" start time: May 21 14:34 대한민국 표준시
Output:
----------------------------------------------------------
Filters: "UnitConverter_meter_2_5"
Randomness seeded to: 2624588865
===============================================================================
All tests passed (3 assertions in 1 test case)

<end of output>
Test time =   1.59 sec
----------------------------------------------------------
Test Passed.
"UnitConverter_meter_2_5" end time: May 21 14:34 대한민국 표준시
"UnitConverter_meter_2_5" time elapsed: 00:00:01
----------------------------------------------------------

2/52 Testing: UnitConverter_feet_1_0
2/52 Test: UnitConverter_feet_1_0
Command: "C:/DEV/UnitConverter_08/build-cov/unit_converter_tests.exe" "UnitConverter_feet_1_0"
Directory: C:/DEV/UnitConverter_08/build-cov
"UnitConverter_feet_1_0" start time: May 21 14:34 대한민국 표준시
Output:
----------------------------------------------------------
Filters: "UnitConverter_feet_1_0"
Randomness seeded to: 956313186
===============================================================================
All tests passed (3 assertions in 1 test case)

<end of output>
Test time =   1.34 sec
----------------------------------------------------------
Test Passed.
"UnitConverter_feet_1_0" end time: May 21 14:34 대한민국 표준시
"UnitConverter_feet_1_0" time elapsed: 00:00:01
----------------------------------------------------------

3/52 Testing: UnitConverter_yard_1_0
3/52 Test: UnitConverter_yard_1_0
Command: "C:/DEV/UnitConverter_08/build-cov/unit_converter_tests.exe" "UnitConverter_yard_1_0"
Directory: C:/DEV/UnitConverter_08/build-cov
"UnitConverter_yard_1_0" start time: May 21 14:34 대한민국 표준시
Output:
----------------------------------------------------------
Filters: "UnitConverter_yard_1_0"
Randomness seeded to: 27675254
===============================================================================
All tests passed (3 assertions in 1 test case)

<end of output>
Test time =   1.33 sec
----------------------------------------------------------
Test Passed.
"UnitConverter_yard_1_0" end time: May 21 14:34 대한민국 표준시
"UnitConverter_yard_1_0" time elapsed: 00:00:01
----------------------------------------------------------

4/52 Testing: UnitConverter_meter_0_0
4/52 Test: UnitConverter_meter_0_0
Command: "C:/DEV/UnitConverter_08/build-cov/unit_converter_tests.exe" "UnitConverter_meter_0_0"
Directory: C:/DEV/UnitConverter_08/build-cov
"UnitConverter_meter_0_0" start time: May 21 14:34 대한민국 표준시
Output:
----------------------------------------------------------
Filters: "UnitConverter_meter_0_0"
Randomness seeded to: 2736161069
===============================================================================
All tests passed (3 assertions in 1 test case)

<end of output>
Test time =   1.34 sec
----------------------------------------------------------
Test Passed.
"UnitConverter_meter_0_0" end time: May 21 14:34 대한민국 표준시
"UnitConverter_meter_0_0" time elapsed: 00:00:01
----------------------------------------------------------

5/52 Testing: test_config_json_valid_loads_ratios
5/52 Test: test_config_json_valid_loads_ratios
Command: "C:/DEV/UnitConverter_08/build-cov/unit_converter_tests.exe" "test_config_json_valid_loads_ratios"
Directory: C:/DEV/UnitConverter_08/build-cov
"test_config_json_valid_loads_ratios" start time: May 21 14:34 대한민국 표준시
Output:
----------------------------------------------------------
Filters: "test_config_json_valid_loads_ratios"
Randomness seeded to: 3877589029
===============================================================================
All tests passed (3 assertions in 1 test case)

<end of output>
Test time =   0.61 sec
----------------------------------------------------------
Test Passed.
"test_config_json_valid_loads_ratios" end time: May 21 14:34 대한민국 표준시
"test_config_json_valid_loads_ratios" time elapsed: 00:00:00
----------------------------------------------------------

6/52 Testing: test_config_json_valid_convert_meter_to_yard
6/52 Test: test_config_json_valid_convert_meter_to_yard
Command: "C:/DEV/UnitConverter_08/build-cov/unit_converter_tests.exe" "test_config_json_valid_convert_meter_to_yard"
Directory: C:/DEV/UnitConverter_08/build-cov
"test_config_json_valid_convert_meter_to_yard" start time: May 21 14:34 대한민국 표준시
Output:
----------------------------------------------------------
Filters: "test_config_json_valid_convert_meter_to_yard"
Randomness seeded to: 274087528
===============================================================================
All tests passed (2 assertions in 1 test case)

<end of output>
Test time =   0.68 sec
----------------------------------------------------------
Test Passed.
"test_config_json_valid_convert_meter_to_yard" end time: May 21 14:34 대한민국 표준시
"test_config_json_valid_convert_meter_to_yard" time elapsed: 00:00:00
----------------------------------------------------------

7/52 Testing: test_config_json_missing_file_fails_data001
7/52 Test: test_config_json_missing_file_fails_data001
Command: "C:/DEV/UnitConverter_08/build-cov/unit_converter_tests.exe" "test_config_json_missing_file_fails_data001"
Directory: C:/DEV/UnitConverter_08/build-cov
"test_config_json_missing_file_fails_data001" start time: May 21 14:34 대한민국 표준시
Output:
----------------------------------------------------------
Filters: "test_config_json_missing_file_fails_data001"
Randomness seeded to: 3273289696
===============================================================================
All tests passed (4 assertions in 1 test case)

<end of output>
Test time =   0.61 sec
----------------------------------------------------------
Test Passed.
"test_config_json_missing_file_fails_data001" end time: May 21 14:34 대한민국 표준시
"test_config_json_missing_file_fails_data001" time elapsed: 00:00:00
----------------------------------------------------------

8/52 Testing: test_config_json_invalid_schema_fails_data002
8/52 Test: test_config_json_invalid_schema_fails_data002
Command: "C:/DEV/UnitConverter_08/build-cov/unit_converter_tests.exe" "test_config_json_invalid_schema_fails_data002"
Directory: C:/DEV/UnitConverter_08/build-cov
"test_config_json_invalid_schema_fails_data002" start time: May 21 14:34 대한민국 표준시
Output:
----------------------------------------------------------
Filters: "test_config_json_invalid_schema_fails_data002"
Randomness seeded to: 3619333690
===============================================================================
All tests passed (2 assertions in 1 test case)

<end of output>
Test time =   0.62 sec
----------------------------------------------------------
Test Passed.
"test_config_json_invalid_schema_fails_data002" end time: May 21 14:34 대한민국 표준시
"test_config_json_invalid_schema_fails_data002" time elapsed: 00:00:00
----------------------------------------------------------

9/52 Testing: test_config_json_feet_to_meter_reverse_after_load
9/52 Test: test_config_json_feet_to_meter_reverse_after_load
Command: "C:/DEV/UnitConverter_08/build-cov/unit_converter_tests.exe" "test_config_json_feet_to_meter_reverse_after_load"
Directory: C:/DEV/UnitConverter_08/build-cov
"test_config_json_feet_to_meter_reverse_after_load" start time: May 21 14:34 대한민국 표준시
Output:
----------------------------------------------------------
Filters: "test_config_json_feet_to_meter_reverse_after_load"
Randomness seeded to: 1874410601
===============================================================================
All tests passed (2 assertions in 1 test case)

<end of output>
Test time =   0.63 sec
----------------------------------------------------------
Test Passed.
"test_config_json_feet_to_meter_reverse_after_load" end time: May 21 14:34 대한민국 표준시
"test_config_json_feet_to_meter_reverse_after_load" time elapsed: 00:00:00
----------------------------------------------------------

10/52 Testing: test_config_yaml_valid_loads_ratios
10/52 Test: test_config_yaml_valid_loads_ratios
Command: "C:/DEV/UnitConverter_08/build-cov/unit_converter_tests.exe" "test_config_yaml_valid_loads_ratios"
Directory: C:/DEV/UnitConverter_08/build-cov
"test_config_yaml_valid_loads_ratios" start time: May 21 14:34 대한민국 표준시
Output:
----------------------------------------------------------
Filters: "test_config_yaml_valid_loads_ratios"
Randomness seeded to: 1755113220
===============================================================================
All tests passed (2 assertions in 1 test case)

<end of output>
Test time =   0.64 sec
----------------------------------------------------------
Test Passed.
"test_config_yaml_valid_loads_ratios" end time: May 21 14:34 대한민국 표준시
"test_config_yaml_valid_loads_ratios" time elapsed: 00:00:00
----------------------------------------------------------

11/52 Testing: test_config_yaml_valid_meter_to_yard
11/52 Test: test_config_yaml_valid_meter_to_yard
Command: "C:/DEV/UnitConverter_08/build-cov/unit_converter_tests.exe" "test_config_yaml_valid_meter_to_yard"
Directory: C:/DEV/UnitConverter_08/build-cov
"test_config_yaml_valid_meter_to_yard" start time: May 21 14:34 대한민국 표준시
Output:
----------------------------------------------------------
Filters: "test_config_yaml_valid_meter_to_yard"
Randomness seeded to: 100654825
===============================================================================
All tests passed (2 assertions in 1 test case)

<end of output>
Test time =   0.63 sec
----------------------------------------------------------
Test Passed.
"test_config_yaml_valid_meter_to_yard" end time: May 21 14:34 대한민국 표준시
"test_config_yaml_valid_meter_to_yard" time elapsed: 00:00:00
----------------------------------------------------------

12/52 Testing: test_config_yaml_missing_file_fails
12/52 Test: test_config_yaml_missing_file_fails
Command: "C:/DEV/UnitConverter_08/build-cov/unit_converter_tests.exe" "test_config_yaml_missing_file_fails"
Directory: C:/DEV/UnitConverter_08/build-cov
"test_config_yaml_missing_file_fails" start time: May 21 14:34 대한민국 표준시
Output:
----------------------------------------------------------
Filters: "test_config_yaml_missing_file_fails"
Randomness seeded to: 3100218683
===============================================================================
All tests passed (2 assertions in 1 test case)

<end of output>
Test time =   0.62 sec
----------------------------------------------------------
Test Passed.
"test_config_yaml_missing_file_fails" end time: May 21 14:34 대한민국 표준시
"test_config_yaml_missing_file_fails" time elapsed: 00:00:00
----------------------------------------------------------

13/52 Testing: test_config_yaml_invalid_ratio_fails_data002
13/52 Test: test_config_yaml_invalid_ratio_fails_data002
Command: "C:/DEV/UnitConverter_08/build-cov/unit_converter_tests.exe" "test_config_yaml_invalid_ratio_fails_data002"
Directory: C:/DEV/UnitConverter_08/build-cov
"test_config_yaml_invalid_ratio_fails_data002" start time: May 21 14:34 대한민국 표준시
Output:
----------------------------------------------------------
Filters: "test_config_yaml_invalid_ratio_fails_data002"
Randomness seeded to: 4140423100
===============================================================================
All tests passed (2 assertions in 1 test case)

<end of output>
Test time =   0.61 sec
----------------------------------------------------------
Test Passed.
"test_config_yaml_invalid_ratio_fails_data002" end time: May 21 14:34 대한민국 표준시
"test_config_yaml_invalid_ratio_fails_data002" time elapsed: 00:00:00
----------------------------------------------------------

14/52 Testing: test_config_yaml_load_defaults_on_failure
14/52 Test: test_config_yaml_load_defaults_on_failure
Command: "C:/DEV/UnitConverter_08/build-cov/unit_converter_tests.exe" "test_config_yaml_load_defaults_on_failure"
Directory: C:/DEV/UnitConverter_08/build-cov
"test_config_yaml_load_defaults_on_failure" start time: May 21 14:34 대한민국 표준시
Output:
----------------------------------------------------------
Filters: "test_config_yaml_load_defaults_on_failure"
Randomness seeded to: 1846862335
===============================================================================
All tests passed (3 assertions in 1 test case)

<end of output>
Test time =   0.62 sec
----------------------------------------------------------
Test Passed.
"test_config_yaml_load_defaults_on_failure" end time: May 21 14:34 대한민국 표준시
"test_config_yaml_load_defaults_on_failure" time elapsed: 00:00:00
----------------------------------------------------------

15/52 Testing: test_output_round_half_up_4_meter_to_feet
15/52 Test: test_output_round_half_up_4_meter_to_feet
Command: "C:/DEV/UnitConverter_08/build-cov/unit_converter_tests.exe" "test_output_round_half_up_4_meter_to_feet"
Directory: C:/DEV/UnitConverter_08/build-cov
"test_output_round_half_up_4_meter_to_feet" start time: May 21 14:34 대한민국 표준시
Output:
----------------------------------------------------------
Filters: "test_output_round_half_up_4_meter_to_feet"
Randomness seeded to: 1918725497
===============================================================================
All tests passed (1 assertion in 1 test case)

<end of output>
Test time =   0.62 sec
----------------------------------------------------------
Test Passed.
"test_output_round_half_up_4_meter_to_feet" end time: May 21 14:34 대한민국 표준시
"test_output_round_half_up_4_meter_to_feet" time elapsed: 00:00:00
----------------------------------------------------------

16/52 Testing: test_output_format_conversion_line_meter_to_feet
16/52 Test: test_output_format_conversion_line_meter_to_feet
Command: "C:/DEV/UnitConverter_08/build-cov/unit_converter_tests.exe" "test_output_format_conversion_line_meter_to_feet"
Directory: C:/DEV/UnitConverter_08/build-cov
"test_output_format_conversion_line_meter_to_feet" start time: May 21 14:34 대한민국 표준시
Output:
----------------------------------------------------------
Filters: "test_output_format_conversion_line_meter_to_feet"
Randomness seeded to: 3101015701
===============================================================================
All tests passed (1 assertion in 1 test case)

<end of output>
Test time =   0.62 sec
----------------------------------------------------------
Test Passed.
"test_output_format_conversion_line_meter_to_feet" end time: May 21 14:34 대한민국 표준시
"test_output_format_conversion_line_meter_to_feet" time elapsed: 00:00:00
----------------------------------------------------------

17/52 Testing: test_parse_meter_colon_value_success
17/52 Test: test_parse_meter_colon_value_success
Command: "C:/DEV/UnitConverter_08/build-cov/unit_converter_tests.exe" "test_parse_meter_colon_value_success"
Directory: C:/DEV/UnitConverter_08/build-cov
"test_parse_meter_colon_value_success" start time: May 21 14:34 대한민국 표준시
Output:
----------------------------------------------------------
Filters: "test_parse_meter_colon_value_success"
Randomness seeded to: 3793094438
===============================================================================
All tests passed (2 assertions in 1 test case)

<end of output>
Test time =   0.62 sec
----------------------------------------------------------
Test Passed.
"test_parse_meter_colon_value_success" end time: May 21 14:34 대한민국 표준시
"test_parse_meter_colon_value_success" time elapsed: 00:00:00
----------------------------------------------------------

18/52 Testing: test_parse_feet_colon_value_success
18/52 Test: test_parse_feet_colon_value_success
Command: "C:/DEV/UnitConverter_08/build-cov/unit_converter_tests.exe" "test_parse_feet_colon_value_success"
Directory: C:/DEV/UnitConverter_08/build-cov
"test_parse_feet_colon_value_success" start time: May 21 14:34 대한민국 표준시
Output:
----------------------------------------------------------
Filters: "test_parse_feet_colon_value_success"
Randomness seeded to: 1145203414
===============================================================================
All tests passed (2 assertions in 1 test case)

<end of output>
Test time =   0.63 sec
----------------------------------------------------------
Test Passed.
"test_parse_feet_colon_value_success" end time: May 21 14:34 대한민국 표준시
"test_parse_feet_colon_value_success" time elapsed: 00:00:00
----------------------------------------------------------

19/52 Testing: test_parse_yard_colon_value_success
19/52 Test: test_parse_yard_colon_value_success
Command: "C:/DEV/UnitConverter_08/build-cov/unit_converter_tests.exe" "test_parse_yard_colon_value_success"
Directory: C:/DEV/UnitConverter_08/build-cov
"test_parse_yard_colon_value_success" start time: May 21 14:34 대한민국 표준시
Output:
----------------------------------------------------------
Filters: "test_parse_yard_colon_value_success"
Randomness seeded to: 459781760
===============================================================================
All tests passed (2 assertions in 1 test case)

<end of output>
Test time =   0.61 sec
----------------------------------------------------------
Test Passed.
"test_parse_yard_colon_value_success" end time: May 21 14:34 대한민국 표준시
"test_parse_yard_colon_value_success" time elapsed: 00:00:00
----------------------------------------------------------

20/52 Testing: test_parse_then_meter_to_feet_chain
20/52 Test: test_parse_then_meter_to_feet_chain
Command: "C:/DEV/UnitConverter_08/build-cov/unit_converter_tests.exe" "test_parse_then_meter_to_feet_chain"
Directory: C:/DEV/UnitConverter_08/build-cov
"test_parse_then_meter_to_feet_chain" start time: May 21 14:34 대한민국 표준시
Output:
----------------------------------------------------------
Filters: "test_parse_then_meter_to_feet_chain"
Randomness seeded to: 3559579387
===============================================================================
All tests passed (1 assertion in 1 test case)

<end of output>
Test time =   0.63 sec
----------------------------------------------------------
Test Passed.
"test_parse_then_meter_to_feet_chain" end time: May 21 14:34 대한민국 표준시
"test_parse_then_meter_to_feet_chain" time elapsed: 00:00:00
----------------------------------------------------------

21/52 Testing: test_parse_trim_whitespace_success
21/52 Test: test_parse_trim_whitespace_success
Command: "C:/DEV/UnitConverter_08/build-cov/unit_converter_tests.exe" "test_parse_trim_whitespace_success"
Directory: C:/DEV/UnitConverter_08/build-cov
"test_parse_trim_whitespace_success" start time: May 21 14:34 대한민국 표준시
Output:
----------------------------------------------------------
Filters: "test_parse_trim_whitespace_success"
Randomness seeded to: 1010478876
===============================================================================
All tests passed (2 assertions in 1 test case)

<end of output>
Test time =   0.64 sec
----------------------------------------------------------
Test Passed.
"test_parse_trim_whitespace_success" end time: May 21 14:34 대한민국 표준시
"test_parse_trim_whitespace_success" time elapsed: 00:00:00
----------------------------------------------------------

22/52 Testing: test_parse_meter_zero_throws_positive_required
22/52 Test: test_parse_meter_zero_throws_positive_required
Command: "C:/DEV/UnitConverter_08/build-cov/unit_converter_tests.exe" "test_parse_meter_zero_throws_positive_required"
Directory: C:/DEV/UnitConverter_08/build-cov
"test_parse_meter_zero_throws_positive_required" start time: May 21 14:34 대한민국 표준시
Output:
----------------------------------------------------------
Filters: "test_parse_meter_zero_throws_positive_required"
Randomness seeded to: 3065585856
===============================================================================
All tests passed (2 assertions in 1 test case)

<end of output>
Test time =   0.62 sec
----------------------------------------------------------
Test Passed.
"test_parse_meter_zero_throws_positive_required" end time: May 21 14:34 대한민국 표준시
"test_parse_meter_zero_throws_positive_required" time elapsed: 00:00:00
----------------------------------------------------------

23/52 Testing: test_parse_meter_large_value_success
23/52 Test: test_parse_meter_large_value_success
Command: "C:/DEV/UnitConverter_08/build-cov/unit_converter_tests.exe" "test_parse_meter_large_value_success"
Directory: C:/DEV/UnitConverter_08/build-cov
"test_parse_meter_large_value_success" start time: May 21 14:34 대한민국 표준시
Output:
----------------------------------------------------------
Filters: "test_parse_meter_large_value_success"
Randomness seeded to: 624183946
===============================================================================
All tests passed (1 assertion in 1 test case)

<end of output>
Test time =   0.61 sec
----------------------------------------------------------
Test Passed.
"test_parse_meter_large_value_success" end time: May 21 14:34 대한민국 표준시
"test_parse_meter_large_value_success" time elapsed: 00:00:00
----------------------------------------------------------

24/52 Testing: test_parse_meter_six_decimal_precision
24/52 Test: test_parse_meter_six_decimal_precision
Command: "C:/DEV/UnitConverter_08/build-cov/unit_converter_tests.exe" "test_parse_meter_six_decimal_precision"
Directory: C:/DEV/UnitConverter_08/build-cov
"test_parse_meter_six_decimal_precision" start time: May 21 14:34 대한민국 표준시
Output:
----------------------------------------------------------
Filters: "test_parse_meter_six_decimal_precision"
Randomness seeded to: 2245720190
===============================================================================
All tests passed (1 assertion in 1 test case)

<end of output>
Test time =   0.60 sec
----------------------------------------------------------
Test Passed.
"test_parse_meter_six_decimal_precision" end time: May 21 14:34 대한민국 표준시
"test_parse_meter_six_decimal_precision" time elapsed: 00:00:00
----------------------------------------------------------

25/52 Testing: test_parse_min_positive_value
25/52 Test: test_parse_min_positive_value
Command: "C:/DEV/UnitConverter_08/build-cov/unit_converter_tests.exe" "test_parse_min_positive_value"
Directory: C:/DEV/UnitConverter_08/build-cov
"test_parse_min_positive_value" start time: May 21 14:34 대한민국 표준시
Output:
----------------------------------------------------------
Filters: "test_parse_min_positive_value"
Randomness seeded to: 3297623322
===============================================================================
All tests passed (1 assertion in 1 test case)

<end of output>
Test time =   0.63 sec
----------------------------------------------------------
Test Passed.
"test_parse_min_positive_value" end time: May 21 14:34 대한민국 표준시
"test_parse_min_positive_value" time elapsed: 00:00:00
----------------------------------------------------------

26/52 Testing: test_parse_meter_infinity_throws
26/52 Test: test_parse_meter_infinity_throws
Command: "C:/DEV/UnitConverter_08/build-cov/unit_converter_tests.exe" "test_parse_meter_infinity_throws"
Directory: C:/DEV/UnitConverter_08/build-cov
"test_parse_meter_infinity_throws" start time: May 21 14:34 대한민국 표준시
Output:
----------------------------------------------------------
Filters: "test_parse_meter_infinity_throws"
Randomness seeded to: 1327737388
===============================================================================
All tests passed (1 assertion in 1 test case)

<end of output>
Test time =   0.69 sec
----------------------------------------------------------
Test Passed.
"test_parse_meter_infinity_throws" end time: May 21 14:34 대한민국 표준시
"test_parse_meter_infinity_throws" time elapsed: 00:00:00
----------------------------------------------------------

27/52 Testing: test_parse_invalid_format_no_colon_throws
27/52 Test: test_parse_invalid_format_no_colon_throws
Command: "C:/DEV/UnitConverter_08/build-cov/unit_converter_tests.exe" "test_parse_invalid_format_no_colon_throws"
Directory: C:/DEV/UnitConverter_08/build-cov
"test_parse_invalid_format_no_colon_throws" start time: May 21 14:34 대한민국 표준시
Output:
----------------------------------------------------------
Filters: "test_parse_invalid_format_no_colon_throws"
Randomness seeded to: 3081808551
===============================================================================
All tests passed (1 assertion in 1 test case)

<end of output>
Test time =   0.62 sec
----------------------------------------------------------
Test Passed.
"test_parse_invalid_format_no_colon_throws" end time: May 21 14:34 대한민국 표준시
"test_parse_invalid_format_no_colon_throws" time elapsed: 00:00:00
----------------------------------------------------------

28/52 Testing: test_parse_meter_negative_throws
28/52 Test: test_parse_meter_negative_throws
Command: "C:/DEV/UnitConverter_08/build-cov/unit_converter_tests.exe" "test_parse_meter_negative_throws"
Directory: C:/DEV/UnitConverter_08/build-cov
"test_parse_meter_negative_throws" start time: May 21 14:34 대한민국 표준시
Output:
----------------------------------------------------------
Filters: "test_parse_meter_negative_throws"
Randomness seeded to: 4052821080
===============================================================================
All tests passed (1 assertion in 1 test case)

<end of output>
Test time =   0.64 sec
----------------------------------------------------------
Test Passed.
"test_parse_meter_negative_throws" end time: May 21 14:34 대한민국 표준시
"test_parse_meter_negative_throws" time elapsed: 00:00:00
----------------------------------------------------------

29/52 Testing: test_parse_invalid_number_abc_throws
29/52 Test: test_parse_invalid_number_abc_throws
Command: "C:/DEV/UnitConverter_08/build-cov/unit_converter_tests.exe" "test_parse_invalid_number_abc_throws"
Directory: C:/DEV/UnitConverter_08/build-cov
"test_parse_invalid_number_abc_throws" start time: May 21 14:34 대한민국 표준시
Output:
----------------------------------------------------------
Filters: "test_parse_invalid_number_abc_throws"
Randomness seeded to: 3605799885
===============================================================================
All tests passed (1 assertion in 1 test case)

<end of output>
Test time =   0.63 sec
----------------------------------------------------------
Test Passed.
"test_parse_invalid_number_abc_throws" end time: May 21 14:34 대한민국 표준시
"test_parse_invalid_number_abc_throws" time elapsed: 00:00:00
----------------------------------------------------------

30/52 Testing: test_convert_unknown_unit_parsec_throws
30/52 Test: test_convert_unknown_unit_parsec_throws
Command: "C:/DEV/UnitConverter_08/build-cov/unit_converter_tests.exe" "test_convert_unknown_unit_parsec_throws"
Directory: C:/DEV/UnitConverter_08/build-cov
"test_convert_unknown_unit_parsec_throws" start time: May 21 14:34 대한민국 표준시
Output:
----------------------------------------------------------
Filters: "test_convert_unknown_unit_parsec_throws"
Randomness seeded to: 2648687201
===============================================================================
All tests passed (2 assertions in 1 test case)

<end of output>
Test time =   0.67 sec
----------------------------------------------------------
Test Passed.
"test_convert_unknown_unit_parsec_throws" end time: May 21 14:34 대한민국 표준시
"test_convert_unknown_unit_parsec_throws" time elapsed: 00:00:00
----------------------------------------------------------

31/52 Testing: test_convert_unknown_unit_mile_throws
31/52 Test: test_convert_unknown_unit_mile_throws
Command: "C:/DEV/UnitConverter_08/build-cov/unit_converter_tests.exe" "test_convert_unknown_unit_mile_throws"
Directory: C:/DEV/UnitConverter_08/build-cov
"test_convert_unknown_unit_mile_throws" start time: May 21 14:34 대한민국 표준시
Output:
----------------------------------------------------------
Filters: "test_convert_unknown_unit_mile_throws"
Randomness seeded to: 2380609995
===============================================================================
All tests passed (2 assertions in 1 test case)

<end of output>
Test time =   0.62 sec
----------------------------------------------------------
Test Passed.
"test_convert_unknown_unit_mile_throws" end time: May 21 14:34 대한민국 표준시
"test_convert_unknown_unit_mile_throws" time elapsed: 00:00:00
----------------------------------------------------------

32/52 Testing: test_meter_to_feet_normal_returns_8_2021
32/52 Test: test_meter_to_feet_normal_returns_8_2021
Command: "C:/DEV/UnitConverter_08/build-cov/unit_converter_tests.exe" "test_meter_to_feet_normal_returns_8_2021"
Directory: C:/DEV/UnitConverter_08/build-cov
"test_meter_to_feet_normal_returns_8_2021" start time: May 21 14:34 대한민국 표준시
Output:
----------------------------------------------------------
Filters: "test_meter_to_feet_normal_returns_8_2021"
Randomness seeded to: 858192495
===============================================================================
All tests passed (1 assertion in 1 test case)

<end of output>
Test time =   0.67 sec
----------------------------------------------------------
Test Passed.
"test_meter_to_feet_normal_returns_8_2021" end time: May 21 14:34 대한민국 표준시
"test_meter_to_feet_normal_returns_8_2021" time elapsed: 00:00:00
----------------------------------------------------------

33/52 Testing: test_meter_to_yard_normal_returns_2_7340
33/52 Test: test_meter_to_yard_normal_returns_2_7340
Command: "C:/DEV/UnitConverter_08/build-cov/unit_converter_tests.exe" "test_meter_to_yard_normal_returns_2_7340"
Directory: C:/DEV/UnitConverter_08/build-cov
"test_meter_to_yard_normal_returns_2_7340" start time: May 21 14:34 대한민국 표준시
Output:
----------------------------------------------------------
Filters: "test_meter_to_yard_normal_returns_2_7340"
Randomness seeded to: 853590907
===============================================================================
All tests passed (1 assertion in 1 test case)

<end of output>
Test time =   0.64 sec
----------------------------------------------------------
Test Passed.
"test_meter_to_yard_normal_returns_2_7340" end time: May 21 14:34 대한민국 표준시
"test_meter_to_yard_normal_returns_2_7340" time elapsed: 00:00:00
----------------------------------------------------------

34/52 Testing: test_feet_to_meter_reverse_returns_0_3048
34/52 Test: test_feet_to_meter_reverse_returns_0_3048
Command: "C:/DEV/UnitConverter_08/build-cov/unit_converter_tests.exe" "test_feet_to_meter_reverse_returns_0_3048"
Directory: C:/DEV/UnitConverter_08/build-cov
"test_feet_to_meter_reverse_returns_0_3048" start time: May 21 14:34 대한민국 표준시
Output:
----------------------------------------------------------
Filters: "test_feet_to_meter_reverse_returns_0_3048"
Randomness seeded to: 1282830544
===============================================================================
All tests passed (1 assertion in 1 test case)

<end of output>
Test time =   0.63 sec
----------------------------------------------------------
Test Passed.
"test_feet_to_meter_reverse_returns_0_3048" end time: May 21 14:34 대한민국 표준시
"test_feet_to_meter_reverse_returns_0_3048" time elapsed: 00:00:00
----------------------------------------------------------

35/52 Testing: test_meter_to_feet_one_meter_returns_3_28084
35/52 Test: test_meter_to_feet_one_meter_returns_3_28084
Command: "C:/DEV/UnitConverter_08/build-cov/unit_converter_tests.exe" "test_meter_to_feet_one_meter_returns_3_28084"
Directory: C:/DEV/UnitConverter_08/build-cov
"test_meter_to_feet_one_meter_returns_3_28084" start time: May 21 14:34 대한민국 표준시
Output:
----------------------------------------------------------
Filters: "test_meter_to_feet_one_meter_returns_3_28084"
Randomness seeded to: 4032108325
===============================================================================
All tests passed (1 assertion in 1 test case)

<end of output>
Test time =   0.61 sec
----------------------------------------------------------
Test Passed.
"test_meter_to_feet_one_meter_returns_3_28084" end time: May 21 14:34 대한민국 표준시
"test_meter_to_feet_one_meter_returns_3_28084" time elapsed: 00:00:00
----------------------------------------------------------

36/52 Testing: test_feet_to_yard_via_meter_hub_returns_1_09361
36/52 Test: test_feet_to_yard_via_meter_hub_returns_1_09361
Command: "C:/DEV/UnitConverter_08/build-cov/unit_converter_tests.exe" "test_feet_to_yard_via_meter_hub_returns_1_09361"
Directory: C:/DEV/UnitConverter_08/build-cov
"test_feet_to_yard_via_meter_hub_returns_1_09361" start time: May 21 14:34 대한민국 표준시
Output:
----------------------------------------------------------
Filters: "test_feet_to_yard_via_meter_hub_returns_1_09361"
Randomness seeded to: 2887350735
===============================================================================
All tests passed (1 assertion in 1 test case)

<end of output>
Test time =   0.72 sec
----------------------------------------------------------
Test Passed.
"test_feet_to_yard_via_meter_hub_returns_1_09361" end time: May 21 14:34 대한민국 표준시
"test_feet_to_yard_via_meter_hub_returns_1_09361" time elapsed: 00:00:00
----------------------------------------------------------

37/52 Testing: test_meter_to_feet_zero_value_throws
37/52 Test: test_meter_to_feet_zero_value_throws
Command: "C:/DEV/UnitConverter_08/build-cov/unit_converter_tests.exe" "test_meter_to_feet_zero_value_throws"
Directory: C:/DEV/UnitConverter_08/build-cov
"test_meter_to_feet_zero_value_throws" start time: May 21 14:34 대한민국 표준시
Output:
----------------------------------------------------------
Filters: "test_meter_to_feet_zero_value_throws"
Randomness seeded to: 3080023306
===============================================================================
All tests passed (1 assertion in 1 test case)

<end of output>
Test time =   0.62 sec
----------------------------------------------------------
Test Passed.
"test_meter_to_feet_zero_value_throws" end time: May 21 14:34 대한민국 표준시
"test_meter_to_feet_zero_value_throws" time elapsed: 00:00:00
----------------------------------------------------------

38/52 Testing: test_meter_to_feet_large_value_finite
38/52 Test: test_meter_to_feet_large_value_finite
Command: "C:/DEV/UnitConverter_08/build-cov/unit_converter_tests.exe" "test_meter_to_feet_large_value_finite"
Directory: C:/DEV/UnitConverter_08/build-cov
"test_meter_to_feet_large_value_finite" start time: May 21 14:34 대한민국 표준시
Output:
----------------------------------------------------------
Filters: "test_meter_to_feet_large_value_finite"
Randomness seeded to: 2490922512
===============================================================================
All tests passed (2 assertions in 1 test case)

<end of output>
Test time =   0.67 sec
----------------------------------------------------------
Test Passed.
"test_meter_to_feet_large_value_finite" end time: May 21 14:34 대한민국 표준시
"test_meter_to_feet_large_value_finite" time elapsed: 00:00:00
----------------------------------------------------------

39/52 Testing: test_meter_to_feet_six_decimal_precision
39/52 Test: test_meter_to_feet_six_decimal_precision
Command: "C:/DEV/UnitConverter_08/build-cov/unit_converter_tests.exe" "test_meter_to_feet_six_decimal_precision"
Directory: C:/DEV/UnitConverter_08/build-cov
"test_meter_to_feet_six_decimal_precision" start time: May 21 14:34 대한민국 표준시
Output:
----------------------------------------------------------
Filters: "test_meter_to_feet_six_decimal_precision"
Randomness seeded to: 2711713849
===============================================================================
All tests passed (1 assertion in 1 test case)

<end of output>
Test time =   0.66 sec
----------------------------------------------------------
Test Passed.
"test_meter_to_feet_six_decimal_precision" end time: May 21 14:34 대한민국 표준시
"test_meter_to_feet_six_decimal_precision" time elapsed: 00:00:00
----------------------------------------------------------

40/52 Testing: test_meter_to_feet_min_positive_value
40/52 Test: test_meter_to_feet_min_positive_value
Command: "C:/DEV/UnitConverter_08/build-cov/unit_converter_tests.exe" "test_meter_to_feet_min_positive_value"
Directory: C:/DEV/UnitConverter_08/build-cov
"test_meter_to_feet_min_positive_value" start time: May 21 14:34 대한민국 표준시
Output:
----------------------------------------------------------
Filters: "test_meter_to_feet_min_positive_value"
Randomness seeded to: 3381593177
===============================================================================
All tests passed (2 assertions in 1 test case)

<end of output>
Test time =   0.68 sec
----------------------------------------------------------
Test Passed.
"test_meter_to_feet_min_positive_value" end time: May 21 14:34 대한민국 표준시
"test_meter_to_feet_min_positive_value" time elapsed: 00:00:00
----------------------------------------------------------

41/52 Testing: test_meter_to_feet_nan_value_throws
41/52 Test: test_meter_to_feet_nan_value_throws
Command: "C:/DEV/UnitConverter_08/build-cov/unit_converter_tests.exe" "test_meter_to_feet_nan_value_throws"
Directory: C:/DEV/UnitConverter_08/build-cov
"test_meter_to_feet_nan_value_throws" start time: May 21 14:34 대한민국 표준시
Output:
----------------------------------------------------------
Filters: "test_meter_to_feet_nan_value_throws"
Randomness seeded to: 1059480116
===============================================================================
All tests passed (1 assertion in 1 test case)

<end of output>
Test time =   0.68 sec
----------------------------------------------------------
Test Passed.
"test_meter_to_feet_nan_value_throws" end time: May 21 14:34 대한민국 표준시
"test_meter_to_feet_nan_value_throws" time elapsed: 00:00:00
----------------------------------------------------------

42/52 Testing: test_convert_negative_value_throws
42/52 Test: test_convert_negative_value_throws
Command: "C:/DEV/UnitConverter_08/build-cov/unit_converter_tests.exe" "test_convert_negative_value_throws"
Directory: C:/DEV/UnitConverter_08/build-cov
"test_convert_negative_value_throws" start time: May 21 14:34 대한민국 표준시
Output:
----------------------------------------------------------
Filters: "test_convert_negative_value_throws"
Randomness seeded to: 466527330
===============================================================================
All tests passed (1 assertion in 1 test case)

<end of output>
Test time =   0.69 sec
----------------------------------------------------------
Test Passed.
"test_convert_negative_value_throws" end time: May 21 14:34 대한민국 표준시
"test_convert_negative_value_throws" time elapsed: 00:00:00
----------------------------------------------------------

43/52 Testing: test_convert_unknown_source_unit_throws
43/52 Test: test_convert_unknown_source_unit_throws
Command: "C:/DEV/UnitConverter_08/build-cov/unit_converter_tests.exe" "test_convert_unknown_source_unit_throws"
Directory: C:/DEV/UnitConverter_08/build-cov
"test_convert_unknown_source_unit_throws" start time: May 21 14:34 대한민국 표준시
Output:
----------------------------------------------------------
Filters: "test_convert_unknown_source_unit_throws"
Randomness seeded to: 1084633140
===============================================================================
All tests passed (1 assertion in 1 test case)

<end of output>
Test time =   0.82 sec
----------------------------------------------------------
Test Passed.
"test_convert_unknown_source_unit_throws" end time: May 21 14:34 대한민국 표준시
"test_convert_unknown_source_unit_throws" time elapsed: 00:00:00
----------------------------------------------------------

44/52 Testing: test_convert_unknown_target_unit_throws
44/52 Test: test_convert_unknown_target_unit_throws
Command: "C:/DEV/UnitConverter_08/build-cov/unit_converter_tests.exe" "test_convert_unknown_target_unit_throws"
Directory: C:/DEV/UnitConverter_08/build-cov
"test_convert_unknown_target_unit_throws" start time: May 21 14:34 대한민국 표준시
Output:
----------------------------------------------------------
Filters: "test_convert_unknown_target_unit_throws"
Randomness seeded to: 3238398501
===============================================================================
All tests passed (1 assertion in 1 test case)

<end of output>
Test time =   0.74 sec
----------------------------------------------------------
Test Passed.
"test_convert_unknown_target_unit_throws" end time: May 21 14:34 대한민국 표준시
"test_convert_unknown_target_unit_throws" time elapsed: 00:00:00
----------------------------------------------------------

45/52 Testing: test_register_unit_duplicate_throws
45/52 Test: test_register_unit_duplicate_throws
Command: "C:/DEV/UnitConverter_08/build-cov/unit_converter_tests.exe" "test_register_unit_duplicate_throws"
Directory: C:/DEV/UnitConverter_08/build-cov
"test_register_unit_duplicate_throws" start time: May 21 14:34 대한민국 표준시
Output:
----------------------------------------------------------
Filters: "test_register_unit_duplicate_throws"
Randomness seeded to: 3637823641
===============================================================================
All tests passed (1 assertion in 1 test case)

<end of output>
Test time =   0.75 sec
----------------------------------------------------------
Test Passed.
"test_register_unit_duplicate_throws" end time: May 21 14:34 대한민국 표준시
"test_register_unit_duplicate_throws" time elapsed: 00:00:00
----------------------------------------------------------

46/52 Testing: test_register_unit_invalid_ratio_throws
46/52 Test: test_register_unit_invalid_ratio_throws
Command: "C:/DEV/UnitConverter_08/build-cov/unit_converter_tests.exe" "test_register_unit_invalid_ratio_throws"
Directory: C:/DEV/UnitConverter_08/build-cov
"test_register_unit_invalid_ratio_throws" start time: May 21 14:34 대한민국 표준시
Output:
----------------------------------------------------------
Filters: "test_register_unit_invalid_ratio_throws"
Randomness seeded to: 3389597436
===============================================================================
All tests passed (1 assertion in 1 test case)

<end of output>
Test time =   0.72 sec
----------------------------------------------------------
Test Passed.
"test_register_unit_invalid_ratio_throws" end time: May 21 14:34 대한민국 표준시
"test_register_unit_invalid_ratio_throws" time elapsed: 00:00:00
----------------------------------------------------------

47/52 Testing: test_register_cubit_then_convert_to_meter
47/52 Test: test_register_cubit_then_convert_to_meter
Command: "C:/DEV/UnitConverter_08/build-cov/unit_converter_tests.exe" "test_register_cubit_then_convert_to_meter"
Directory: C:/DEV/UnitConverter_08/build-cov
"test_register_cubit_then_convert_to_meter" start time: May 21 14:34 대한민국 표준시
Output:
----------------------------------------------------------
Filters: "test_register_cubit_then_convert_to_meter"
Randomness seeded to: 3870506409
===============================================================================
All tests passed (1 assertion in 1 test case)

<end of output>
Test time =   0.71 sec
----------------------------------------------------------
Test Passed.
"test_register_cubit_then_convert_to_meter" end time: May 21 14:34 대한민국 표준시
"test_register_cubit_then_convert_to_meter" time elapsed: 00:00:00
----------------------------------------------------------

48/52 Testing: test_register_cubit_convert_all_count_four
48/52 Test: test_register_cubit_convert_all_count_four
Command: "C:/DEV/UnitConverter_08/build-cov/unit_converter_tests.exe" "test_register_cubit_convert_all_count_four"
Directory: C:/DEV/UnitConverter_08/build-cov
"test_register_cubit_convert_all_count_four" start time: May 21 14:34 대한민국 표준시
Output:
----------------------------------------------------------
Filters: "test_register_cubit_convert_all_count_four"
Randomness seeded to: 1089915656
===============================================================================
All tests passed (1 assertion in 1 test case)

<end of output>
Test time =   0.76 sec
----------------------------------------------------------
Test Passed.
"test_register_cubit_convert_all_count_four" end time: May 21 14:34 대한민국 표준시
"test_register_cubit_convert_all_count_four" time elapsed: 00:00:00
----------------------------------------------------------

49/52 Testing: test_register_cubit_to_feet_via_meter
49/52 Test: test_register_cubit_to_feet_via_meter
Command: "C:/DEV/UnitConverter_08/build-cov/unit_converter_tests.exe" "test_register_cubit_to_feet_via_meter"
Directory: C:/DEV/UnitConverter_08/build-cov
"test_register_cubit_to_feet_via_meter" start time: May 21 14:34 대한민국 표준시
Output:
----------------------------------------------------------
Filters: "test_register_cubit_to_feet_via_meter"
Randomness seeded to: 1217491258
===============================================================================
All tests passed (1 assertion in 1 test case)

<end of output>
Test time =   1.00 sec
----------------------------------------------------------
Test Passed.
"test_register_cubit_to_feet_via_meter" end time: May 21 14:34 대한민국 표준시
"test_register_cubit_to_feet_via_meter" time elapsed: 00:00:00
----------------------------------------------------------

50/52 Testing: test_register_inch_small_ratio
50/52 Test: test_register_inch_small_ratio
Command: "C:/DEV/UnitConverter_08/build-cov/unit_converter_tests.exe" "test_register_inch_small_ratio"
Directory: C:/DEV/UnitConverter_08/build-cov
"test_register_inch_small_ratio" start time: May 21 14:34 대한민국 표준시
Output:
----------------------------------------------------------
Filters: "test_register_inch_small_ratio"
Randomness seeded to: 121340117
===============================================================================
All tests passed (1 assertion in 1 test case)

<end of output>
Test time =   0.94 sec
----------------------------------------------------------
Test Passed.
"test_register_inch_small_ratio" end time: May 21 14:34 대한민국 표준시
"test_register_inch_small_ratio" time elapsed: 00:00:00
----------------------------------------------------------

51/52 Testing: test_register_has_unit_after_registration
51/52 Test: test_register_has_unit_after_registration
Command: "C:/DEV/UnitConverter_08/build-cov/unit_converter_tests.exe" "test_register_has_unit_after_registration"
Directory: C:/DEV/UnitConverter_08/build-cov
"test_register_has_unit_after_registration" start time: May 21 14:34 대한민국 표준시
Output:
----------------------------------------------------------
Filters: "test_register_has_unit_after_registration"
Randomness seeded to: 3003726585
===============================================================================
All tests passed (2 assertions in 1 test case)

<end of output>
Test time =   0.85 sec
----------------------------------------------------------
Test Passed.
"test_register_has_unit_after_registration" end time: May 21 14:34 대한민국 표준시
"test_register_has_unit_after_registration" time elapsed: 00:00:00
----------------------------------------------------------

52/52 Testing: GoldenMaster
52/52 Test: GoldenMaster
Command: "C:/DEV/UnitConverter_08/build-cov/unit_converter_tests.exe" "[golden][regression][r01]"
Directory: C:/DEV/UnitConverter_08/build-cov
"GoldenMaster" start time: May 21 14:34 대한민국 표준시
Output:
----------------------------------------------------------
Filters: [golden] [regression] [r01]
Randomness seeded to: 2972782800
===============================================================================
All tests passed (12 assertions in 4 test cases)

<end of output>
Test time =   3.70 sec
----------------------------------------------------------
Test Passed.
"GoldenMaster" end time: May 21 14:34 대한민국 표준시
"GoldenMaster" time elapsed: 00:00:03
----------------------------------------------------------

End testing: May 21 14:34 대한민국 표준시

golden =   3.70 sec*proc

r01 =   3.70 sec*proc

regression =   3.70 sec*proc

