TN:
SF:C:\DEV\UnitConverter_08\src\UnitConverter.cpp
FN:9,main
FNDA:16,main
FNF:1
FNH:1
BRDA:10,0,0,16
BRDA:10,0,1,0
BRDA:13,0,0,16
BRDA:13,0,1,0
BRDA:13,0,2,16
BRDA:13,0,3,0
BRDA:13,0,4,0
BRDA:13,0,5,16
BRDA:18,0,0,12
BRDA:18,0,1,4
BRDA:19,0,0,12
BRDA:19,0,1,0
BRDA:19,0,2,12
BRDA:19,0,3,0
BRDA:20,0,0,12
BRDA:20,0,1,0
BRDA:21,0,0,12
BRDA:21,0,1,0
BRDA:22,0,0,0
BRDA:22,0,1,4
BRDA:23,0,0,4
BRDA:23,0,1,0
BRDA:23,0,2,4
BRDA:23,0,3,0
BRF:24
BRH:13
DA:9,16
DA:10,16
DA:12,16
DA:13,16
DA:14,0
DA:18,16
DA:19,12
DA:20,12
DA:21,12
DA:22,16
DA:23,4
DA:24,4
DA:25,4
DA:27,12
DA:28,16
LF:15
LH:14
end_of_record
