TN:
SF:C:\DEV\UnitConverter_08\src\domain\Converter.cpp
FN:8,_ZN6domain9ConverterC2ENS_12UnitRegistryE
FN:10,_ZNK6domain9Converter10toMeterHubEdRKNSt7__cxx1112basic_stringIcSt11char_traitsIcESaIcEEE
FN:15,_ZNK6domain9Converter12fromMeterHubEdRKNSt7__cxx1112basic_stringIcSt11char_traitsIcESaIcEEE
FN:20,_ZNK6domain9Converter7convertERKNSt7__cxx1112basic_stringIcSt11char_traitsIcESaIcEEEdS8_
FN:28,_ZNK6domain9Converter10convertAllERKNSt7__cxx1112basic_stringIcSt11char_traitsIcESaIcEEEd
FN:37,_ZN6domain11nearlyEqualEddd
FNDA:46,_ZN6domain11nearlyEqualEddd
FNDA:80,_ZNK6domain9Converter12fromMeterHubEdRKNSt7__cxx1112basic_stringIcSt11char_traitsIcESaIcEEE
FNDA:56,_ZNK6domain9Converter10toMeterHubEdRKNSt7__cxx1112basic_stringIcSt11char_traitsIcESaIcEEE
FNDA:14,_ZNK6domain9Converter10convertAllERKNSt7__cxx1112basic_stringIcSt11char_traitsIcESaIcEEEd
FNDA:48,_ZNK6domain9Converter7convertERKNSt7__cxx1112basic_stringIcSt11char_traitsIcESaIcEEEdS8_
FNDA:62,_ZN6domain9ConverterC2ENS_12UnitRegistryE
FNF:6
FNH:6
BRDA:21,0,0,44
BRDA:21,0,1,4
BRDA:21,0,2,2
BRDA:21,0,3,42
BRDA:21,0,4,6
BRDA:21,0,5,42
BRDA:22,0,0,6
BRDA:22,0,1,0
BRDA:31,0,0,14
BRDA:31,0,1,0
BRDA:31,0,2,44
BRDA:31,0,3,14
BRDA:35,0,0,44
BRDA:35,0,1,0
BRDA:35,0,2,44
BRDA:35,0,3,0
BRDA:35,0,4,44
BRDA:35,0,5,0
BRDA:35,0,6,0
BRDA:35,0,7,44
BRDA:35,0,8,0
BRDA:35,0,9,0
BRF:22
BRH:14
DA:8,124
DA:10,56
DA:11,56
DA:12,50
DA:15,80
DA:16,80
DA:17,78
DA:20,48
DA:21,48
DA:22,6
DA:24,42
DA:25,36
DA:28,14
DA:29,14
DA:30,14
DA:31,58
DA:32,88
DA:34,14
DA:35,88
DA:37,46
DA:38,46
LF:21
LH:21
end_of_record
TN:
SF:C:\DEV\UnitConverter_08\src\domain\UnitRegistry.cpp
FN:14,_ZN6domain12UnitRegistry15defaultRegistryEv
FN:20,_ZNK6domain12UnitRegistry7hasUnitERKNSt7__cxx1112basic_stringIcSt11char_traitsIcESaIcEEE
FN:24,_ZNK6domain12UnitRegistry9factorForERKNSt7__cxx1112basic_stringIcSt11char_traitsIcESaIcEEE
FN:32,_ZNK6domain12UnitRegistry9unitCountEv
FN:36,_ZNK6domain12UnitRegistry8allUnitsB5cxx11Ev
FN:40,_ZN6domain12UnitRegistry12registerUnitERKNSt7__cxx1112basic_stringIcSt11char_traitsIcESaIcEEEd
FN:53,_ZN6domain12UnitRegistry9setFactorERKNSt7__cxx1112basic_stringIcSt11char_traitsIcESaIcEEEd
FN:60,_ZN6domain12UnitRegistry5clearEv
FN:64,_ZN6domain12UnitRegistry12loadDefaultsEv
FNDA:48,_ZNK6domain12UnitRegistry7hasUnitERKNSt7__cxx1112basic_stringIcSt11char_traitsIcESaIcEEE
FNDA:16,_ZN6domain12UnitRegistry12registerUnitERKNSt7__cxx1112basic_stringIcSt11char_traitsIcESaIcEEEd
FNDA:142,_ZNK6domain12UnitRegistry9factorForERKNSt7__cxx1112basic_stringIcSt11char_traitsIcESaIcEEE
FNDA:14,_ZNK6domain12UnitRegistry8allUnitsB5cxx11Ev
FNDA:68,_ZN6domain12UnitRegistry12loadDefaultsEv
FNDA:14,_ZN6domain12UnitRegistry5clearEv
FNDA:68,_ZN6domain12UnitRegistry15defaultRegistryEv
FNDA:4,_ZNK6domain12UnitRegistry9unitCountEv
FNDA:46,_ZN6domain12UnitRegistry9setFactorERKNSt7__cxx1112basic_stringIcSt11char_traitsIcESaIcEEEd
FNF:9
FNH:9
BRDA:16,0,0,68
BRDA:16,0,1,0
BRDA:21,0,0,48
BRDA:21,0,1,0
BRDA:25,0,0,142
BRDA:25,0,1,0
BRDA:26,0,0,8
BRDA:26,0,1,134
BRDA:27,0,0,8
BRDA:27,0,1,0
BRDA:27,0,2,8
BRDA:27,0,3,0
BRDA:41,0,0,0
BRDA:41,0,1,16
BRDA:42,0,0,-
BRDA:42,0,1,-
BRDA:42,0,2,-
BRDA:42,0,3,-
BRDA:44,0,0,14
BRDA:44,0,1,2
BRDA:44,0,2,0
BRDA:44,0,3,14
BRDA:44,0,4,2
BRDA:44,0,5,14
BRDA:45,0,0,2
BRDA:45,0,1,0
BRDA:45,0,2,2
BRDA:45,0,3,0
BRDA:47,0,0,2
BRDA:47,0,1,12
BRDA:48,0,0,2
BRDA:48,0,1,0
BRDA:48,0,2,2
BRDA:48,0,3,0
BRDA:54,0,0,46
BRDA:54,0,1,0
BRDA:54,0,2,0
BRDA:54,0,3,46
BRDA:54,0,4,0
BRDA:54,0,5,46
BRDA:55,0,0,-
BRDA:55,0,1,-
BRDA:55,0,2,-
BRDA:55,0,3,-
BRDA:66,0,0,68
BRDA:66,0,1,0
BRDA:66,0,2,68
BRDA:66,0,3,0
BRDA:67,0,0,68
BRDA:67,0,1,0
BRDA:67,0,2,68
BRDA:67,0,3,0
BRDA:68,0,0,68
BRDA:68,0,1,0
BRDA:68,0,2,68
BRDA:68,0,3,0
BRF:56
BRH:28
DA:14,68
DA:15,68
DA:16,68
DA:17,68
DA:18,0
DA:20,48
DA:21,48
DA:24,142
DA:25,142
DA:26,142
DA:27,8
DA:29,268
DA:32,4
DA:33,4
DA:36,14
DA:37,14
DA:40,16
DA:41,16
DA:42,0
DA:44,16
DA:45,2
DA:47,14
DA:48,2
DA:50,12
DA:51,12
DA:53,46
DA:54,46
DA:55,0
DA:57,46
DA:58,46
DA:60,14
DA:61,14
DA:62,14
DA:64,68
DA:65,68
DA:66,136
DA:67,136
DA:68,136
DA:69,68
LF:39
LH:36
end_of_record
