TN:
SF:C:\DEV\UnitConverter_08\src\UnitConverter.cpp
FN:9,main
FNDA:8,main
FNF:1
FNH:1
BRDA:10,0,0,8
BRDA:10,0,1,0
BRDA:13,0,0,8
BRDA:13,0,1,0
BRDA:13,0,2,8
BRDA:13,0,3,0
BRDA:13,0,4,0
BRDA:13,0,5,8
BRDA:18,0,0,6
BRDA:18,0,1,2
BRDA:19,0,0,6
BRDA:19,0,1,0
BRDA:19,0,2,6
BRDA:19,0,3,0
BRDA:20,0,0,6
BRDA:20,0,1,0
BRDA:21,0,0,6
BRDA:21,0,1,0
BRDA:22,0,0,0
BRDA:22,0,1,2
BRDA:23,0,0,2
BRDA:23,0,1,0
BRDA:23,0,2,2
BRDA:23,0,3,0
BRF:24
BRH:13
DA:9,8
DA:10,8
DA:12,8
DA:13,8
DA:14,0
DA:18,8
DA:19,6
DA:20,6
DA:21,6
DA:22,8
DA:23,2
DA:24,2
DA:25,2
DA:27,6
DA:28,8
LF:15
LH:14
end_of_record
