TN:
SF:C:\DEV\UnitConverter_08\src\boundary\InputParser.cpp
FN:13,_ZN8boundary12_GLOBAL__N_1L4trimERKNSt7__cxx1112basic_stringIcSt11char_traitsIcESaIcEEE
FN:25,_ZN8boundary12_GLOBAL__N_1L15isValidUnitNameERKNSt7__cxx1112basic_stringIcSt11char_traitsIcESaIcEEE
FN:32,_ZN8boundary11InputParser5parseERKNSt7__cxx1112basic_stringIcSt11char_traitsIcESaIcEEE
FNDA:23,_ZN8boundary11InputParser5parseERKNSt7__cxx1112basic_stringIcSt11char_traitsIcESaIcEEE
FNDA:22,_ZN8boundary12_GLOBAL__N_1L15isValidUnitNameERKNSt7__cxx1112basic_stringIcSt11char_traitsIcESaIcEEE
FNDA:44,_ZN8boundary12_GLOBAL__N_1L4trimERKNSt7__cxx1112basic_stringIcSt11char_traitsIcESaIcEEE
FNF:3
FNH:3
BRDA:15,0,0,47
BRDA:15,0,1,0
BRDA:15,0,2,3
BRDA:15,0,3,44
BRDA:15,0,4,3
BRDA:15,0,5,44
BRDA:19,0,0,47
BRDA:19,0,1,0
BRDA:19,0,2,3
BRDA:19,0,3,44
BRDA:19,0,4,3
BRDA:19,0,5,44
BRDA:26,0,0,22
BRDA:26,0,1,0
BRDA:26,0,2,22
BRDA:26,0,3,0
BRDA:26,0,4,22
BRDA:26,0,5,0
BRDA:26,0,6,0
BRDA:26,0,7,0
BRDA:27,0,0,22
BRDA:27,0,1,0
BRDA:27,0,2,22
BRDA:27,0,3,0
BRDA:27,0,4,22
BRDA:27,0,5,0
BRDA:34,0,0,22
BRDA:34,0,1,1
BRDA:34,0,2,0
BRDA:34,0,3,22
BRDA:34,0,4,1
BRDA:34,0,5,22
BRDA:35,0,0,1
BRDA:35,0,1,0
BRDA:38,0,0,22
BRDA:38,0,1,0
BRDA:38,0,2,22
BRDA:38,0,3,0
BRDA:39,0,0,22
BRDA:39,0,1,0
BRDA:39,0,2,22
BRDA:39,0,3,0
BRDA:41,0,0,22
BRDA:41,0,1,0
BRDA:41,0,2,0
BRDA:41,0,3,22
BRDA:42,0,0,-
BRDA:42,0,1,-
BRDA:42,0,2,-
BRDA:42,0,3,-
BRDA:44,0,0,0
BRDA:44,0,1,22
BRDA:45,0,0,-
BRDA:45,0,1,-
BRDA:45,0,2,-
BRDA:45,0,3,-
BRDA:51,0,0,21
BRDA:51,0,1,1
BRDA:53,0,0,1
BRDA:53,0,1,0
BRDA:53,0,2,1
BRDA:53,0,3,0
BRDA:55,0,0,0
BRDA:55,0,1,21
BRDA:56,0,0,-
BRDA:56,0,1,-
BRDA:56,0,2,-
BRDA:56,0,3,-
BRDA:58,0,0,20
BRDA:58,0,1,1
BRDA:58,0,2,4
BRDA:58,0,3,16
BRDA:58,0,4,5
BRDA:58,0,5,16
BRDA:59,0,0,5
BRDA:59,0,1,0
BRDA:59,0,2,5
BRDA:59,0,3,0
BRDA:63,0,0,16
BRDA:63,0,1,0
BRDA:63,0,2,16
BRDA:63,0,3,0
BRF:82
BRH:44
DA:13,44
DA:14,44
DA:15,47
DA:16,3
DA:18,44
DA:19,47
DA:20,3
DA:22,44
DA:25,22
DA:26,22
DA:27,22
DA:32,23
DA:33,23
DA:34,23
DA:35,1
DA:38,22
DA:39,22
DA:41,22
DA:42,0
DA:44,22
DA:45,0
DA:48,22
DA:49,22
DA:51,22
DA:52,1
DA:53,1
DA:54,1
DA:55,21
DA:56,0
DA:58,21
DA:59,5
DA:62,32
DA:63,44
LF:33
LH:30
end_of_record
TN:
SF:C:\DEV\UnitConverter_08\src\boundary\OutputFormatter.cpp
FN:9,_ZN8boundary12roundHalfUp4Ed
FN:13,_ZN8boundary20formatConversionLineEdRKNSt7__cxx1112basic_stringIcSt11char_traitsIcESaIcEEEdS7_
FN:25,_ZN8boundary20writeConversionTableERSodRKNSt7__cxx1112basic_stringIcSt11char_traitsIcESaIcEEERKSt6vectorIN6domain15ConversionEntryESaISB_EE
FNDA:6,_ZN8boundary20writeConversionTableERSodRKNSt7__cxx1112basic_stringIcSt11char_traitsIcESaIcEEERKSt6vectorIN6domain15ConversionEntryESaISB_EE
FNDA:20,_ZN8boundary12roundHalfUp4Ed
FNDA:19,_ZN8boundary20formatConversionLineEdRKNSt7__cxx1112basic_stringIcSt11char_traitsIcESaIcEEEdS7_
FNF:3
FNH:3
BRDA:18,0,0,19
BRDA:18,0,1,0
BRDA:19,0,0,19
BRDA:19,0,1,0
BRDA:20,0,0,19
BRDA:20,0,1,0
BRDA:20,0,2,19
BRDA:20,0,3,0
BRDA:20,0,4,19
BRDA:20,0,5,0
BRDA:20,0,6,19
BRDA:20,0,7,0
BRDA:21,0,0,19
BRDA:21,0,1,0
BRDA:21,0,2,19
BRDA:21,0,3,0
BRDA:21,0,4,19
BRDA:21,0,5,0
BRDA:22,0,0,19
BRDA:22,0,1,0
BRDA:29,0,0,18
BRDA:29,0,1,6
BRDA:30,0,0,18
BRDA:30,0,1,0
BRDA:30,0,2,18
BRDA:30,0,3,0
BRDA:31,0,0,18
BRDA:31,0,1,0
BRF:28
BRH:15
DA:9,20
DA:10,20
DA:13,19
DA:17,19
DA:18,19
DA:19,19
DA:20,19
DA:21,19
DA:22,38
DA:23,19
DA:25,6
DA:29,30
DA:30,36
DA:31,18
DA:33,6
LF:15
LH:15
end_of_record
