TN:
SF:C:\DEV\UnitConverter_08\src\boundary\InputParser.cpp
FN:13,_ZN8boundary12_GLOBAL__N_1L4trimERKNSt7__cxx1112basic_stringIcSt11char_traitsIcESaIcEEE
FN:25,_ZN8boundary12_GLOBAL__N_1L15isValidUnitNameERKNSt7__cxx1112basic_stringIcSt11char_traitsIcESaIcEEE
FN:32,_ZN8boundary11InputParser5parseERKNSt7__cxx1112basic_stringIcSt11char_traitsIcESaIcEEE
FNDA:44,_ZN8boundary12_GLOBAL__N_1L15isValidUnitNameERKNSt7__cxx1112basic_stringIcSt11char_traitsIcESaIcEEE
FNDA:46,_ZN8boundary11InputParser5parseERKNSt7__cxx1112basic_stringIcSt11char_traitsIcESaIcEEE
FNDA:88,_ZN8boundary12_GLOBAL__N_1L4trimERKNSt7__cxx1112basic_stringIcSt11char_traitsIcESaIcEEE
FNF:3
FNH:3
BRDA:15,0,0,94
BRDA:15,0,1,0
BRDA:15,0,2,6
BRDA:15,0,3,88
BRDA:15,0,4,6
BRDA:15,0,5,88
BRDA:19,0,0,94
BRDA:19,0,1,0
BRDA:19,0,2,6
BRDA:19,0,3,88
BRDA:19,0,4,6
BRDA:19,0,5,88
BRDA:26,0,0,44
BRDA:26,0,1,0
BRDA:26,0,2,44
BRDA:26,0,3,0
BRDA:26,0,4,44
BRDA:26,0,5,0
BRDA:26,0,6,0
BRDA:26,0,7,0
BRDA:27,0,0,44
BRDA:27,0,1,0
BRDA:27,0,2,44
BRDA:27,0,3,0
BRDA:27,0,4,44
BRDA:27,0,5,0
BRDA:34,0,0,44
BRDA:34,0,1,2
BRDA:34,0,2,0
BRDA:34,0,3,44
BRDA:34,0,4,2
BRDA:34,0,5,44
BRDA:35,0,0,2
BRDA:35,0,1,0
BRDA:38,0,0,44
BRDA:38,0,1,0
BRDA:38,0,2,44
BRDA:38,0,3,0
BRDA:39,0,0,44
BRDA:39,0,1,0
BRDA:39,0,2,44
BRDA:39,0,3,0
BRDA:41,0,0,44
BRDA:41,0,1,0
BRDA:41,0,2,0
BRDA:41,0,3,44
BRDA:42,0,0,-
BRDA:42,0,1,-
BRDA:42,0,2,-
BRDA:42,0,3,-
BRDA:44,0,0,0
BRDA:44,0,1,44
BRDA:45,0,0,-
BRDA:45,0,1,-
BRDA:45,0,2,-
BRDA:45,0,3,-
BRDA:51,0,0,42
BRDA:51,0,1,2
BRDA:53,0,0,2
BRDA:53,0,1,0
BRDA:53,0,2,2
BRDA:53,0,3,0
BRDA:55,0,0,0
BRDA:55,0,1,42
BRDA:56,0,0,-
BRDA:56,0,1,-
BRDA:56,0,2,-
BRDA:56,0,3,-
BRDA:58,0,0,40
BRDA:58,0,1,2
BRDA:58,0,2,8
BRDA:58,0,3,32
BRDA:58,0,4,10
BRDA:58,0,5,32
BRDA:59,0,0,10
BRDA:59,0,1,0
BRDA:59,0,2,10
BRDA:59,0,3,0
BRDA:63,0,0,32
BRDA:63,0,1,0
BRDA:63,0,2,32
BRDA:63,0,3,0
BRF:82
BRH:44
DA:13,88
DA:14,88
DA:15,94
DA:16,6
DA:18,88
DA:19,94
DA:20,6
DA:22,88
DA:25,44
DA:26,44
DA:27,44
DA:32,46
DA:33,46
DA:34,46
DA:35,2
DA:38,44
DA:39,44
DA:41,44
DA:42,0
DA:44,44
DA:45,0
DA:48,44
DA:49,44
DA:51,44
DA:52,2
DA:53,2
DA:54,2
DA:55,42
DA:56,0
DA:58,42
DA:59,10
DA:62,64
DA:63,88
LF:33
LH:30
end_of_record
TN:
SF:C:\DEV\UnitConverter_08\src\boundary\OutputFormatter.cpp
FN:9,_ZN8boundary12roundHalfUp4Ed
FN:13,_ZN8boundary20formatConversionLineEdRKNSt7__cxx1112basic_stringIcSt11char_traitsIcESaIcEEEdS7_
FN:25,_ZN8boundary20writeConversionTableERSodRKNSt7__cxx1112basic_stringIcSt11char_traitsIcESaIcEEERKSt6vectorIN6domain15ConversionEntryESaISB_EE
FNDA:38,_ZN8boundary20formatConversionLineEdRKNSt7__cxx1112basic_stringIcSt11char_traitsIcESaIcEEEdS7_
FNDA:12,_ZN8boundary20writeConversionTableERSodRKNSt7__cxx1112basic_stringIcSt11char_traitsIcESaIcEEERKSt6vectorIN6domain15ConversionEntryESaISB_EE
FNDA:40,_ZN8boundary12roundHalfUp4Ed
FNF:3
FNH:3
BRDA:18,0,0,38
BRDA:18,0,1,0
BRDA:19,0,0,38
BRDA:19,0,1,0
BRDA:20,0,0,38
BRDA:20,0,1,0
BRDA:20,0,2,38
BRDA:20,0,3,0
BRDA:20,0,4,38
BRDA:20,0,5,0
BRDA:20,0,6,38
BRDA:20,0,7,0
BRDA:21,0,0,38
BRDA:21,0,1,0
BRDA:21,0,2,38
BRDA:21,0,3,0
BRDA:21,0,4,38
BRDA:21,0,5,0
BRDA:22,0,0,38
BRDA:22,0,1,0
BRDA:29,0,0,36
BRDA:29,0,1,12
BRDA:30,0,0,36
BRDA:30,0,1,0
BRDA:30,0,2,36
BRDA:30,0,3,0
BRDA:31,0,0,36
BRDA:31,0,1,0
BRF:28
BRH:15
DA:9,40
DA:10,40
DA:13,38
DA:17,38
DA:18,38
DA:19,38
DA:20,38
DA:21,38
DA:22,76
DA:23,38
DA:25,12
DA:29,60
DA:30,72
DA:31,36
DA:33,12
LF:15
LH:15
end_of_record
