TN:
SF:C:\DEV\UnitConverter_08\src\domain\Converter.cpp
FN:8,_ZN6domain9ConverterC2ENS_12UnitRegistryE
FN:10,_ZNK6domain9Converter10toMeterHubEdRKNSt7__cxx1112basic_stringIcSt11char_traitsIcESaIcEEE
FN:15,_ZNK6domain9Converter12fromMeterHubEdRKNSt7__cxx1112basic_stringIcSt11char_traitsIcESaIcEEE
FN:20,_ZNK6domain9Converter7convertERKNSt7__cxx1112basic_stringIcSt11char_traitsIcESaIcEEEdS8_
FN:28,_ZNK6domain9Converter10convertAllERKNSt7__cxx1112basic_stringIcSt11char_traitsIcESaIcEEEd
FN:37,_ZN6domain11nearlyEqualEddd
FNDA:24,_ZNK6domain9Converter7convertERKNSt7__cxx1112basic_stringIcSt11char_traitsIcESaIcEEEdS8_
FNDA:7,_ZNK6domain9Converter10convertAllERKNSt7__cxx1112basic_stringIcSt11char_traitsIcESaIcEEEd
FNDA:40,_ZNK6domain9Converter12fromMeterHubEdRKNSt7__cxx1112basic_stringIcSt11char_traitsIcESaIcEEE
FNDA:23,_ZN6domain11nearlyEqualEddd
FNDA:31,_ZN6domain9ConverterC2ENS_12UnitRegistryE
FNDA:28,_ZNK6domain9Converter10toMeterHubEdRKNSt7__cxx1112basic_stringIcSt11char_traitsIcESaIcEEE
FNF:6
FNH:6
BRDA:21,0,0,22
BRDA:21,0,1,2
BRDA:21,0,2,1
BRDA:21,0,3,21
BRDA:21,0,4,3
BRDA:21,0,5,21
BRDA:22,0,0,3
BRDA:22,0,1,0
BRDA:31,0,0,7
BRDA:31,0,1,0
BRDA:31,0,2,22
BRDA:31,0,3,7
BRDA:35,0,0,22
BRDA:35,0,1,0
BRDA:35,0,2,22
BRDA:35,0,3,0
BRDA:35,0,4,22
BRDA:35,0,5,0
BRDA:35,0,6,0
BRDA:35,0,7,22
BRDA:35,0,8,0
BRDA:35,0,9,0
BRF:22
BRH:14
DA:8,62
DA:10,28
DA:11,28
DA:12,25
DA:15,40
DA:16,40
DA:17,39
DA:20,24
DA:21,24
DA:22,3
DA:24,21
DA:25,18
DA:28,7
DA:29,7
DA:30,7
DA:31,29
DA:32,44
DA:34,7
DA:35,44
DA:37,23
DA:38,23
LF:21
LH:21
end_of_record
TN:
SF:C:\DEV\UnitConverter_08\src\domain\UnitRegistry.cpp
FN:14,_ZN6domain12UnitRegistry15defaultRegistryEv
FN:20,_ZNK6domain12UnitRegistry7hasUnitERKNSt7__cxx1112basic_stringIcSt11char_traitsIcESaIcEEE
FN:24,_ZNK6domain12UnitRegistry9factorForERKNSt7__cxx1112basic_stringIcSt11char_traitsIcESaIcEEE
FN:32,_ZNK6domain12UnitRegistry9unitCountEv
FN:36,_ZNK6domain12UnitRegistry8allUnitsB5cxx11Ev
FN:40,_ZN6domain12UnitRegistry12registerUnitERKNSt7__cxx1112basic_stringIcSt11char_traitsIcESaIcEEEd
FN:53,_ZN6domain12UnitRegistry9setFactorERKNSt7__cxx1112basic_stringIcSt11char_traitsIcESaIcEEEd
FN:60,_ZN6domain12UnitRegistry5clearEv
FN:64,_ZN6domain12UnitRegistry12loadDefaultsEv
FNDA:24,_ZNK6domain12UnitRegistry7hasUnitERKNSt7__cxx1112basic_stringIcSt11char_traitsIcESaIcEEE
FNDA:7,_ZNK6domain12UnitRegistry8allUnitsB5cxx11Ev
FNDA:2,_ZNK6domain12UnitRegistry9unitCountEv
FNDA:7,_ZN6domain12UnitRegistry5clearEv
FNDA:34,_ZN6domain12UnitRegistry12loadDefaultsEv
FNDA:23,_ZN6domain12UnitRegistry9setFactorERKNSt7__cxx1112basic_stringIcSt11char_traitsIcESaIcEEEd
FNDA:8,_ZN6domain12UnitRegistry12registerUnitERKNSt7__cxx1112basic_stringIcSt11char_traitsIcESaIcEEEd
FNDA:71,_ZNK6domain12UnitRegistry9factorForERKNSt7__cxx1112basic_stringIcSt11char_traitsIcESaIcEEE
FNDA:34,_ZN6domain12UnitRegistry15defaultRegistryEv
FNF:9
FNH:9
BRDA:16,0,0,34
BRDA:16,0,1,0
BRDA:21,0,0,24
BRDA:21,0,1,0
BRDA:25,0,0,71
BRDA:25,0,1,0
BRDA:26,0,0,4
BRDA:26,0,1,67
BRDA:27,0,0,4
BRDA:27,0,1,0
BRDA:27,0,2,4
BRDA:27,0,3,0
BRDA:41,0,0,0
BRDA:41,0,1,8
BRDA:42,0,0,-
BRDA:42,0,1,-
BRDA:42,0,2,-
BRDA:42,0,3,-
BRDA:44,0,0,7
BRDA:44,0,1,1
BRDA:44,0,2,0
BRDA:44,0,3,7
BRDA:44,0,4,1
BRDA:44,0,5,7
BRDA:45,0,0,1
BRDA:45,0,1,0
BRDA:45,0,2,1
BRDA:45,0,3,0
BRDA:47,0,0,1
BRDA:47,0,1,6
BRDA:48,0,0,1
BRDA:48,0,1,0
BRDA:48,0,2,1
BRDA:48,0,3,0
BRDA:54,0,0,23
BRDA:54,0,1,0
BRDA:54,0,2,0
BRDA:54,0,3,23
BRDA:54,0,4,0
BRDA:54,0,5,23
BRDA:55,0,0,-
BRDA:55,0,1,-
BRDA:55,0,2,-
BRDA:55,0,3,-
BRDA:66,0,0,34
BRDA:66,0,1,0
BRDA:66,0,2,34
BRDA:66,0,3,0
BRDA:67,0,0,34
BRDA:67,0,1,0
BRDA:67,0,2,34
BRDA:67,0,3,0
BRDA:68,0,0,34
BRDA:68,0,1,0
BRDA:68,0,2,34
BRDA:68,0,3,0
BRF:56
BRH:28
DA:14,34
DA:15,34
DA:16,34
DA:17,34
DA:18,0
DA:20,24
DA:21,24
DA:24,71
DA:25,71
DA:26,71
DA:27,4
DA:29,134
DA:32,2
DA:33,2
DA:36,7
DA:37,7
DA:40,8
DA:41,8
DA:42,0
DA:44,8
DA:45,1
DA:47,7
DA:48,1
DA:50,6
DA:51,6
DA:53,23
DA:54,23
DA:55,0
DA:57,23
DA:58,23
DA:60,7
DA:61,7
DA:62,7
DA:64,34
DA:65,34
DA:66,68
DA:67,68
DA:68,68
DA:69,34
LF:39
LH:36
end_of_record
